360600
1200
720000
600 1200
0.536695
bk1 500 800 600 1100
bk2 400 1100 600 1200
bk3 100 700 200 900
bk4 300 100 400 400
bk5 0 800 100 1000
bk1a 400 400 500 700
bk2a 0 0 200 100
bk3a 200 0 400 100
bk4a 500 200 600 500
bk5a 100 1100 300 1200
bk1b 100 400 200 700
bk2b 400 100 600 200
bk3b 0 400 100 600
bk4b 500 500 600 800
bk5b 400 0 600 100
bk1c 300 400 400 700
bk2c 100 1000 300 1100
bk3c 200 700 300 900
bk4c 0 100 100 400
bk5c 300 700 500 800
abk1 400 800 500 1100
abk2 300 800 400 1000
abk3 0 600 100 800
abk4 100 100 200 400
abk5 100 900 300 1000
abk1a 200 400 300 700
abk2a 300 1000 400 1200
abk3a 0 1000 100 1200
aabk4a 200 100 300 400
abk5a 400 200 500 400
