1.07296e+08
11572
214435080
16938 12660
16.8915
bb 0 7660 5000 12660
bb1 0 0 5000 5000
bb2 5000 7606 10000 12606
bb3 10000 7606 15000 12606
bk1 13216 5806 13516 5906
bk2 9940 5902 10140 6002
bk3 7372 3292 7472 3492
bk4 5252 2294 5552 2394
bk5 5552 2394 5752 2494
bk1a 7472 2686 7572 2986
bk2a 4898 5686 4998 5886
bk3a 5278 5520 5478 5620
bk4a 9234 4044 9534 4144
bk5a 9234 3666 9334 3866
bk1b 5708 7046 6008 7146
bk2b 7854 4394 8054 4494
bk3b 8332 1832 8432 2032
bk4b 7260 2294 7360 2594
bk5b 6070 4020 6270 4120
bk1c 5552 2294 5852 2394
bk2c 9940 3980 10140 4080
bk3c 5252 2394 5452 2494
bk4c 8332 2032 8632 2132
bk5c 5708 7494 5908 7594
M001 15200 9140 16908 12374
M002 0 5560 672 7114
M003 5670 4512 7854 5520
M004 13668 1832 16748 3442
M005 8438 1204 9824 1736
M006 9856 6002 11718 6884
M007 8366 4044 9234 4394
M008 8942 0 10188 644
M009 3918 5686 4898 6148
M010 4452 5000 5068 5294
M011 8366 3666 9192 4044
M012 9534 3350 9940 4148
M013 7854 4758 8526 5024
M014 4784 7046 5708 7452
M015 9234 4904 9640 5744
M016 9640 4904 9962 5702
M017 9534 4148 9926 4904
M018 5278 4120 5670 5198
M019 11634 7204 12460 7596
M020 4998 6248 5250 7046
M021 4452 5294 5278 5686
M022 8330 5744 8694 6696
M023 5286 2494 5776 3628
M024 6994 2494 7260 3292
M025 10188 0 10972 322
M026 9192 2294 9542 3022
M027 9542 2132 10382 2496
M028 3818 6596 4336 7660
M029 7372 3896 8366 4386
M030 6070 3292 7372 4020
M031 6070 4120 7120 4512
M032 5286 3628 6070 4006
M033 13216 5954 15106 6906
M034 0 5000 1148 5560
M035 11718 6002 12572 6394
M036 6008 7046 7002 7494
M037 5776 2494 6994 3054
M038 3818 6148 4784 6596
M039 8054 4394 8838 4758
M040 11718 6394 12586 6786
M041 9542 2496 9906 3350
M042 13570 3876 13738 4254
M043 7472 2986 8004 3896
M044 12586 5902 13216 7204
M045 8694 5902 9856 6574
M046 8438 0 8942 1204
M047 13668 3442 14480 3876
M048 5478 5520 6780 6248
M049 7472 2294 8214 2686
cntd 1148 5000 4452 5546
cntu 8330 6884 11634 7430
npd 5000 200 5252 2216
nps 5250 6248 8330 6710
ppd 13738 5702 15754 5954
pps 5252 1832 8332 2294
clkc 9962 4148 10424 5184
clkd 13216 6906 13594 7606
cmp1 16714 0 16924 980
cmp2 8366 2686 8576 3666
cmp3 13594 6906 14574 7116
abk1 9640 5702 9940 5802
abk2 3818 5686 3918 5886
abk3 5000 0 5100 200
abk4 10972 0 11272 100
abk5 15000 9140 15200 9240
abk1a 0 7386 300 7486
abk2a 13568 1832 13668 2032
abk3a 9940 5702 10040 5902
aabk4a 8330 7430 8630 7530
abk5a 16748 980 16848 1180
cc_11 13738 3876 16884 5702
cc_12 10424 3980 13570 5806
cc_13 672 5560 3818 7386
cc_14 10382 322 13528 2148
cc_21 5252 0 8438 1832
cc_22 10382 2148 13568 3980
cc_23 13528 0 16714 1832
cc_24 15106 5954 16938 9140
clk 5000 2494 5286 3320
