699758
174328
1211966
1162 1043
15.3295
bk1 322 644 658 777
bk10a 665 924 1043 1043
bk10b 504 896 665 1036
bk10c 1043 987 1162 1036
bk11 504 777 679 896
bk12 1022 350 1162 756
bk13 0 532 140 1029
bk14a 854 126 973 322
bk14b 315 525 609 644
bk14c 0 119 119 280
bk15a 336 0 602 119
bk15b 0 0 336 119
bk16 728 126 847 252
bk17a 140 658 322 1029
bk17b 700 392 882 595
bk18 322 777 504 980
bk19 140 259 224 378
bk2 434 126 728 259
bk20 980 0 1162 350
bk21 119 119 434 259
bk3 539 259 854 392
bk4 140 392 700 525
bk5a 0 399 140 532
bk5b 140 525 315 658
bk5c 882 350 1015 581
bk6 224 259 539 392
bk7 1043 805 1141 987
bk8a 693 595 903 805
bk8b 602 0 980 126
bk9a 903 595 1022 777
bk9b 0 280 119 399
bk9c 679 805 1036 924
bk9d 609 525 693 644
