2.17885e+07
1340724
37229220
5670 6566
274.503
M001 0 0 1708 3234
M002 0 3234 672 4788
M003 2534 0 4718 1008
M004 1708 1008 4788 2618
M005 2842 2618 4228 3150
M006 4788 0 5670 1862
M007 1708 3108 2576 3458
M008 3822 4522 5068 5166
M009 2072 0 2534 980
M010 4060 5628 4354 6244
M011 4648 3696 5026 4522
M012 5110 2856 5516 3654
M013 4354 5572 5026 5838
M014 2576 3150 3500 3556
M015 4214 5166 5054 5572
M016 4326 3696 4648 4494
M017 1680 3458 2436 3850
M018 4326 2618 4718 3696
M019 2534 5488 3360 5880
M020 2534 5236 3332 5488
M021 0 5152 826 5544
M022 1680 3850 2044 4802
M023 1708 2618 2842 3108
M024 1736 5236 2534 5502
M025 1736 4802 2520 5124
M026 1386 4802 1736 5530
M027 1498 5530 2338 5894
M028 532 6048 1596 6566
M029 5166 1862 5656 2856
M030 4354 5838 5656 6566
M031 4718 2646 5110 3696
M032 4788 1862 5166 2646
M033 2436 3556 4326 4508
M034 1120 3234 1680 4382
M035 3360 5236 4214 5628
M036 672 3234 1120 4228
M037 826 4382 1386 5600
M038 532 5600 1498 6048
M039 0 4788 784 5152
M040 2044 3850 2436 4718
M041 1708 0 2072 854
M042 1386 4382 1554 4760
M043 0 5544 532 6454
M044 1596 5894 2898 6524
M045 2898 5880 4060 6552
M046 5068 4508 5572 5712
M047 5026 3696 5460 4508
M048 2520 4508 3822 5236
M049 3500 3150 4242 3542
