360300
600
720000
600 1200
4.39112
bk1 200 1100 500 1200
bk2 500 1000 600 1200
bk3 500 500 600 700
bk4 400 500 500 800
bk5 100 100 200 300
bk1a 0 900 100 1200
bk2a 200 900 400 1000
bk3a 0 0 100 200
bk4a 300 500 400 800
bk5a 200 100 300 300
bk1b 500 700 600 1000
bk2b 0 200 100 400
bk3b 100 0 300 100
bk4b 400 800 500 1100
bk5b 400 300 500 500
bk1c 100 900 200 1200
bk2c 300 300 400 500
bk3c 200 800 400 900
bk4c 200 500 300 800
bk5c 300 200 500 300
abk1 500 200 600 500
abk2 400 0 500 200
abk3 200 300 300 500
abk4 100 600 200 900
abk5 300 0 400 200
abk1a 0 400 100 700
abk2a 500 0 600 200
abk3a 200 1000 400 1100
aabk4a 100 300 200 600
abk5a 0 700 100 900
