1.02477e+08
300
204938520
16554 12380
16.0528
bb 0 0 5000 5000
bb1 5000 5532 10000 10532
bb2 0 5000 5000 10000
bb3 10546 3438 15546 8438
bk1 9702 3732 10002 3832
bk2 9802 3432 9902 3632
bk3 9702 3632 9902 3732
bk4 9902 3432 10002 3732
bk5 8658 4626 8758 4826
bk1a 15320 8438 15620 8538
bk2a 1386 10448 1586 10548
bk3a 4138 10448 4238 10648
bk4a 11680 11228 11780 11528
bk5a 10086 1008 10286 1108
bk1b 2380 10000 2680 10100
bk2b 12028 12022 12128 12222
bk3b 8146 812 8346 912
bk4b 10428 1008 10728 1108
bk5b 12324 9208 12524 9308
bk1c 9330 3024 9430 3324
bk2c 15546 7904 15646 8104
bk3c 16008 7526 16208 7626
bk4c 10520 1394 10820 1494
bk5c 9702 3430 9802 3630
M001 14802 9060 16510 12294
M002 8658 1826 9330 3380
M003 10428 0 12612 1008
M004 13192 8942 14802 12022
M005 0 10000 1386 10532
M006 10820 2550 12682 3432
M007 10530 11504 10880 12372
M008 8658 3380 9302 4626
M009 12524 9950 12986 10930
M010 10228 2478 10522 3094
M011 12198 8438 13024 8816
M012 9430 3024 10228 3430
M013 8146 912 8412 1584
M014 13192 8438 14116 8844
M015 11218 8648 11624 9488
M016 9330 2702 10128 3024
M017 9330 1008 10086 1400
M018 10128 1400 10520 2478
M019 7926 5012 8752 5404
M020 15320 8760 16118 9012
M021 10546 9600 10938 10426
M022 9702 3832 10066 4784
M023 15996 7626 16486 8760
M024 2380 10100 3178 10366
M025 11218 9488 12002 9810
M026 15646 7904 15996 8632
M027 8758 4626 9598 4990
M028 11112 1108 11630 2172
M029 9434 0 10428 490
M030 9330 1400 10058 2702
M031 10630 11112 11680 11504
M032 10820 2172 11604 2550
M033 3186 10448 4138 12338
M034 10880 11528 12028 12088
M035 15546 7050 15938 7904
M036 1386 10000 2380 10448
M037 11680 10010 12240 11228
M038 3178 10000 4144 10448
M039 15546 3186 15910 3970
M040 12324 8816 13192 9208
M041 8580 0 9434 364
M042 5910 5264 6288 5432
M043 5000 5000 5910 5532
M044 11630 1108 12260 2410
M045 10546 8438 11218 9600
M046 14116 8438 15320 8942
M047 8146 0 8580 812
M048 10938 9810 11666 11112
M049 12524 9208 12916 9950
cntd 16008 3186 16554 6490
cntu 10000 6812 10546 10116
npd 12822 3186 14838 3438
nps 15546 3970 16008 7050
ppd 5910 5012 7926 5264
pps 10066 3732 10528 6812
clkc 16008 6490 16470 7526
clkd 11624 8816 12324 9194
cmp1 12612 0 12822 980
cmp2 11218 8438 12198 8648
cmp3 12340 10930 12550 11910
abk1 10002 3432 10102 3732
abk2 9602 3430 9702 3630
abk3 11680 9810 11780 10010
abk4 9302 3430 9602 3530
abk5 2380 10448 2580 10548
abk1a 10530 11112 10630 11412
abk2a 12240 10930 12340 11130
abk3a 12550 12022 12750 12122
aabk4a 16118 8760 16218 9060
abk5a 12240 9950 12340 10150
cc_11 4238 10532 7384 12358
cc_12 5000 0 8146 1826
cc_13 5000 1826 6826 4972
cc_14 7384 10532 10530 12358
cc_21 0 10548 3186 12380
cc_22 14654 0 16486 3186
cc_23 12822 0 14654 3186
cc_24 6826 1826 8658 5012
clk 10286 1108 11112 1394
