695800
163205
1220835
1155 1057
14.7562
bk1 735 182 1071 315
bk10a 336 938 714 1057
bk10b 847 756 1008 896
bk10c 1071 182 1120 301
bk11 721 595 840 770
bk12 406 455 812 595
bk13 525 315 1022 455
bk14a 126 714 245 910
bk14b 0 119 294 238
bk14c 140 238 259 399
bk15a 0 0 266 119
bk15b 0 931 336 1050
bk16 721 889 847 1008
bk17a 294 0 665 182
bk17b 840 553 1022 756
bk18 329 728 511 931
bk19 245 728 329 847
bk2 273 434 406 728
bk20 784 0 1134 182
bk21 0 238 140 553
bk3 140 399 273 714
bk4 1022 315 1155 875
bk5a 1022 875 1155 1015
bk5b 847 896 1022 1029
bk5c 294 301 525 434
bk6 406 595 721 728
bk7 840 455 1022 553
bk8a 511 728 721 938
bk8b 0 553 126 931
bk9a 665 0 784 182
bk9b 721 770 840 889
bk9c 294 182 651 301
bk9d 651 182 735 301
