1.98926e+07
1441762
38059280
5110 7448
27.2452
M001 0 5740 3234 7448
M002 0 0 672 1554
M003 0 2800 1008 4984
M004 672 630 3752 2240
M005 1890 3682 3276 4214
M006 1008 3486 1890 5348
M007 2702 0 3570 350
M008 0 1554 644 2800
M009 1428 2240 1890 3220
M010 1890 4578 2506 4872
M011 1890 4872 2268 5698
M012 3234 6790 4032 7196
M013 392 4984 658 5656
M014 4270 4746 4676 5670
M015 4046 7028 4886 7434
M016 4676 5236 4998 6034
M017 0 4984 392 5740
M018 4718 4158 5110 5236
M019 4718 3332 5110 4158
M020 3640 4214 4438 4466
M021 1008 5348 1834 5740
M022 1890 4214 2842 4578
M023 1890 3192 3024 3682
M024 4452 3780 4718 4578
M025 3724 5796 4046 6580
M026 1974 0 2702 350
M027 2268 4872 2632 5712
M028 2632 4578 3150 5642
M029 3234 5796 3724 6790
M030 3542 4494 4270 5796
M031 3150 4494 3542 5544
M032 644 2240 1428 2618
M033 1890 2240 3780 3192
M034 4480 0 5040 1148
M035 4718 2478 5110 3332
M036 4606 6034 5054 7028
M037 4046 5796 4606 7014
M038 3024 3192 3990 3640
M039 4172 1694 4536 2478
M040 1008 2618 1400 3486
M041 3276 3640 3640 4494
M042 4270 4578 4648 4746
M043 3570 0 4480 532
M044 672 0 1974 630
M045 3752 532 4424 1694
M046 4536 1148 5040 2352
M047 3640 3780 4452 4214
M048 3990 2478 4718 3780
M049 3780 1694 4172 2436
