pass 0
current hpwl = 800
current chip area = 720000
current cost = 360400
current asp ratio = 0.5
{"block_number":5,"llx":0,"lly":0,"urx":60,"ury":120,"area":7200,"coordinates":[{"idx":"bk1","llx":40,"lly":100,"width":20,"height":20},{"idx":"bk2","llx":0,"lly":0,"width":60,"height":60},{"idx":"bk3","llx":0,"lly":60,"width":40,"height":20},{"idx":"bk4","llx":0,"lly":80,"width":40,"height":40},{"idx":"bk5","llx":40,"lly":60,"width":20,"height":40}]}
Run time: 1470.03 ms
pass 0
current hpwl = 400
current chip area = 720000
current cost = 360200
current asp ratio = 0.5
{"block_number":30,"llx":0,"lly":0,"urx":60,"ury":120,"area":7200,"coordinates":[{"idx":"bk1","llx":40,"lly":80,"width":10,"height":30},{"idx":"bk2","llx":50,"lly":90,"width":10,"height":20},{"idx":"bk3","llx":40,"lly":60,"width":10,"height":20},{"idx":"bk4","llx":50,"lly":60,"width":10,"height":30},{"idx":"bk5","llx":10,"lly":70,"width":10,"height":20},{"idx":"bk1a","llx":50,"lly":0,"width":10,"height":30},{"idx":"bk2a","llx":40,"lly":0,"width":10,"height":20},{"idx":"bk3a","llx":40,"lly":50,"width":20,"height":10},{"idx":"bk4a","llx":10,"lly":90,"width":10,"height":30},{"idx":"bk5a","llx":0,"lly":70,"width":10,"height":20},{"idx":"bk1b","llx":30,"lly":80,"width":10,"height":30},{"idx":"bk2b","llx":20,"lly":20,"width":10,"height":20},{"idx":"bk3b","llx":0,"lly":50,"width":10,"height":20},{"idx":"bk4b","llx":40,"lly":20,"width":10,"height":30},{"idx":"bk5b","llx":20,"lly":70,"width":10,"height":20},{"idx":"bk1c","llx":0,"lly":90,"width":10,"height":30},{"idx":"bk2c","llx":40,"lly":110,"width":20,"height":10},{"idx":"bk3c","llx":30,"lly":60,"width":10,"height":20},{"idx":"bk4c","llx":10,"lly":40,"width":10,"height":30},{"idx":"bk5c","llx":20,"lly":110,"width":20,"height":10},{"idx":"abk1","llx":20,"lly":40,"width":10,"height":30},{"idx":"abk2","llx":30,"lly":20,"width":10,"height":20},{"idx":"abk3","llx":30,"lly":40,"width":10,"height":20},{"idx":"abk4","llx":0,"lly":0,"width":30,"height":10},{"idx":"abk5","llx":20,"lly":90,"width":10,"height":20},{"idx":"abk1a","llx":0,"lly":10,"width":30,"height":10},{"idx":"abk2a","llx":50,"lly":30,"width":10,"height":20},{"idx":"abk3a","llx":30,"lly":0,"width":10,"height":20},{"idx":"aabk4a","llx":0,"lly":20,"width":10,"height":30},{"idx":"abk5a","llx":10,"lly":20,"width":10,"height":20}]}
Run time: 4583.34 ms
pass 0
current hpwl = 300
current chip area = 208641384
current cost = 1.04325e+08
current asp ratio = 1.33702
{"block_number":103,"llx":0,"lly":0,"urx":1693.8,"ury":1266.8,"area":2.14571e+06,"coordinates":[{"idx":"bb","llx":1170.2,"lly":46.2,"width":500,"height":500},{"idx":"bb1","llx":0,"lly":564.6,"width":500,"height":500},{"idx":"bb2","llx":538.6,"lly":249.2,"width":500,"height":500},{"idx":"bb3","llx":500,"lly":749.2,"width":500,"height":500},{"idx":"bk1","llx":1257.6,"lly":602.2,"width":10,"height":30},{"idx":"bk2","llx":1247.6,"lly":632.2,"width":20,"height":10},{"idx":"bk3","llx":1227.6,"lly":628.8,"width":20,"height":10},{"idx":"bk4","llx":1247.6,"lly":602.2,"width":10,"height":30},{"idx":"bk5","llx":1038.6,"lly":350,"width":10,"height":20},{"idx":"bk1a","llx":769.6,"lly":0,"width":30,"height":10},{"idx":"bk2a","llx":318.6,"lly":10,"width":10,"height":20},{"idx":"bk3a","llx":1267.6,"lly":602.2,"width":20,"height":10},{"idx":"bk4a","llx":378,"lly":365.8,"width":10,"height":30},{"idx":"bk5a","llx":442.4,"lly":471.8,"width":10,"height":20},{"idx":"bk1b","llx":733.6,"lly":85.4,"width":30,"height":10},{"idx":"bk2b","llx":1314,"lly":811.4,"width":20,"height":10},{"idx":"bk3b","llx":1379,"lly":589.6,"width":10,"height":20},{"idx":"bk4b","llx":872,"lly":183.2,"width":10,"height":30},{"idx":"bk5b","llx":1648.6,"lly":567.2,"width":20,"height":10},{"idx":"bk1c","llx":764,"lly":85.4,"width":10,"height":30},{"idx":"bk2c","llx":1294,"lly":719,"width":20,"height":10},{"idx":"bk3c","llx":328.6,"lly":10,"width":20,"height":10},{"idx":"bk4c","llx":318.6,"lly":0,"width":30,"height":10},{"idx":"bk5c","llx":1189.8,"lly":546.2,"width":10,"height":20},{"idx":"M001","llx":54.6,"lly":392.4,"width":323.4,"height":170.8},{"idx":"M002","llx":0,"lly":1064.6,"width":67.2,"height":155.4},{"idx":"M003","llx":1182.6,"lly":1141.8,"width":218.4,"height":100.8},{"idx":"M004","llx":369.2,"lly":88.2,"width":308,"height":161},{"idx":"M005","llx":369.2,"lly":249.2,"width":138.6,"height":53.2},{"idx":"M006","llx":451.8,"lly":0,"width":186.2,"height":88.2},{"idx":"M007","llx":1267.6,"lly":632.2,"width":35,"height":86.8},{"idx":"M008","llx":378,"lly":395.8,"width":64.4,"height":124.6},{"idx":"M009","llx":328.6,"lly":20,"width":98,"height":46.2},{"idx":"M010","llx":872,"lly":215.6,"width":61.6,"height":29.4},{"idx":"M011","llx":456,"lly":302.4,"width":82.6,"height":37.8},{"idx":"M012","llx":1214.2,"lly":752.6,"width":79.8,"height":40.6},{"idx":"M013","llx":1112.8,"lly":547.6,"width":26.6,"height":67.2},{"idx":"M014","llx":638,"lly":0,"width":92.4,"height":40.6},{"idx":"M015","llx":1130.2,"lly":752.6,"width":84,"height":40.6},{"idx":"M016","llx":1302.6,"lly":632.2,"width":32.2,"height":79.8},{"idx":"M017","llx":1112.8,"lly":472,"width":39.2,"height":75.6},{"idx":"M018","llx":1239,"lly":546.2,"width":107.8,"height":39.2},{"idx":"M019","llx":1379,"lly":609.6,"width":82.6,"height":39.2},{"idx":"M020","llx":426.6,"lly":0,"width":25.2,"height":79.8},{"idx":"M021","llx":1199.8,"lly":546.2,"width":39.2,"height":82.6},{"idx":"M022","llx":1426,"lly":648.8,"width":36.4,"height":95.2},{"idx":"M023","llx":1000,"lly":860.4,"width":113.4,"height":49},{"idx":"M024","llx":54.6,"lly":365.8,"width":79.8,"height":26.6},{"idx":"M025","llx":1346.8,"lly":546.2,"width":32.2,"height":78.4},{"idx":"M026","llx":442.4,"lly":491.8,"width":35,"height":72.8},{"idx":"M027","llx":677.2,"lly":88.2,"width":36.4,"height":84},{"idx":"M028","llx":1038.6,"lly":469.4,"width":51.8,"height":106.4},{"idx":"M029","llx":1038.6,"lly":370,"width":49,"height":99.4},{"idx":"M030","llx":442.4,"lly":341.6,"width":72.8,"height":130.2},{"idx":"M031","llx":1038.6,"lly":245,"width":39.2,"height":105},{"idx":"M032","llx":1152,"lly":546.2,"width":37.8,"height":78.4},{"idx":"M033","llx":1038.6,"lly":657.4,"width":189,"height":95.2},{"idx":"M034","llx":933.6,"lly":183.2,"width":114.8,"height":56},{"idx":"M035","llx":730.4,"lly":0,"width":39.2,"height":85.4},{"idx":"M036","llx":1314,"lly":712,"width":44.8,"height":99.4},{"idx":"M037","llx":1114.2,"lly":330.2,"width":56,"height":121.8},{"idx":"M038","llx":1000,"lly":815.6,"width":96.6,"height":44.8},{"idx":"M039","llx":769.6,"lly":10,"width":78.4,"height":36.4},{"idx":"M040","llx":369.2,"lly":302.4,"width":86.8,"height":39.2},{"idx":"M041","llx":1077.8,"lly":245,"width":36.4,"height":85.4},{"idx":"M042","llx":1239,"lly":585.4,"width":37.8,"height":16.8},{"idx":"M043","llx":1114.2,"lly":239.2,"width":53.2,"height":91},{"idx":"M044","llx":1000,"lly":752.6,"width":130.2,"height":63},{"idx":"M045","llx":1358.8,"lly":648.8,"width":67.2,"height":116.2},{"idx":"M046","llx":713.6,"lly":115.4,"width":50.4,"height":120.4},{"idx":"M047","llx":1379,"lly":546.2,"width":81.2,"height":43.4},{"idx":"M048","llx":774,"lly":85.4,"width":72.8,"height":130.2},{"idx":"M049","llx":1038.6,"lly":575.8,"width":74.2,"height":39.2},{"idx":"cntd","llx":0,"lly":183.2,"width":54.6,"height":330.4},{"idx":"cntu","llx":1182.6,"lly":811.4,"width":54.6,"height":330.4},{"idx":"npd","llx":1419.8,"lly":1222.8,"width":201.6,"height":25.2},{"idx":"nps","llx":1166.6,"lly":0,"width":308,"height":46.2},{"idx":"ppd","llx":500,"lly":471.8,"width":25.2,"height":201.6},{"idx":"pps","llx":1603,"lly":904.2,"width":46.2,"height":308},{"idx":"clkc","llx":1419.8,"lly":765,"width":46.2,"height":103.6},{"idx":"clkd","llx":1077.8,"lly":183.2,"width":70,"height":37.8},{"idx":"cmp1","llx":1649.2,"lly":904.2,"width":21,"height":98},{"idx":"cmp2","llx":774,"lly":215.6,"width":98,"height":21},{"idx":"cmp3","llx":1461.6,"lly":546.2,"width":98,"height":21},{"idx":"abk1","llx":477.4,"lly":491.8,"width":10,"height":30},{"idx":"abk2","llx":733.6,"lly":95.4,"width":10,"height":20},{"idx":"abk3","llx":677.2,"lly":172.2,"width":10,"height":20},{"idx":"abk4","llx":638,"lly":40.6,"width":10,"height":30},{"idx":"abk5","llx":1227.6,"lly":657.4,"width":20,"height":10},{"idx":"abk1a","llx":764,"lly":215.6,"width":10,"height":30},{"idx":"abk2a","llx":1358.8,"lly":765,"width":10,"height":20},{"idx":"abk3a","llx":1090.4,"lly":452,"width":10,"height":20},{"idx":"aabk4a","llx":0,"lly":513.6,"width":30,"height":10},{"idx":"abk5a","llx":713.6,"lly":88.2,"width":20,"height":10},{"idx":"cc_11","llx":1466,"lly":589.6,"width":182.6,"height":314.6},{"idx":"cc_12","llx":1000,"lly":909.4,"width":182.6,"height":314.6},{"idx":"cc_13","llx":1237.2,"lly":821.4,"width":182.6,"height":314.6},{"idx":"cc_14","llx":54.6,"lly":183.2,"width":314.6,"height":182.6},{"idx":"cc_21","llx":1419.8,"lly":904.2,"width":183.2,"height":318.6},{"idx":"cc_22","llx":848,"lly":0,"width":318.6,"height":183.2},{"idx":"cc_23","llx":67.2,"lly":1064.6,"width":318.6,"height":183.2},{"idx":"cc_24","llx":0,"lly":0,"width":318.6,"height":183.2},{"idx":"clk","llx":1112.8,"lly":628.8,"width":82.6,"height":28.6}]}
Run time: 15864.5 ms
pass 0
current hpwl = 174328
current chip area = 1211966
current cost = 699758
current asp ratio = 1.11409
{"block_number":33,"llx":0,"lly":0,"urx":120.5,"ury":109.5,"area":13194.8,"coordinates":[{"idx":"bk1","llx":32.2,"lly":64.4,"width":33.6,"height":13.3},{"idx":"bk10a","llx":66.5,"lly":92.4,"width":37.8,"height":11.9},{"idx":"bk10b","llx":50.4,"lly":89.6,"width":16.1,"height":14},{"idx":"bk10c","llx":104.3,"lly":98.7,"width":11.9,"height":4.9},{"idx":"bk11","llx":50.4,"lly":77.7,"width":17.5,"height":11.9},{"idx":"bk12","llx":102.2,"lly":35,"width":14,"height":40.6},{"idx":"bk13","llx":0,"lly":53.2,"width":14,"height":49.7},{"idx":"bk14a","llx":85.4,"lly":12.6,"width":11.9,"height":19.6},{"idx":"bk14b","llx":31.5,"lly":52.5,"width":29.4,"height":11.9},{"idx":"bk14c","llx":0,"lly":11.9,"width":11.9,"height":16.1},{"idx":"bk15a","llx":33.6,"lly":0,"width":26.6,"height":11.9},{"idx":"bk15b","llx":0,"lly":0,"width":33.6,"height":11.9},{"idx":"bk16","llx":72.8,"lly":12.6,"width":11.9,"height":12.6},{"idx":"bk17a","llx":14,"lly":65.8,"width":18.2,"height":37.1},{"idx":"bk17b","llx":70,"lly":39.2,"width":18.2,"height":20.3},{"idx":"bk18","llx":32.2,"lly":77.7,"width":18.2,"height":20.3},{"idx":"bk19","llx":14,"lly":25.9,"width":8.4,"height":11.9},{"idx":"bk2","llx":43.4,"lly":12.6,"width":29.4,"height":13.3},{"idx":"bk20","llx":98,"lly":0,"width":18.2,"height":35},{"idx":"bk21","llx":11.9,"lly":11.9,"width":31.5,"height":14},{"idx":"bk3","llx":53.9,"lly":25.9,"width":31.5,"height":13.3},{"idx":"bk4","llx":14,"lly":39.2,"width":56,"height":13.3},{"idx":"bk5a","llx":0,"lly":39.9,"width":14,"height":13.3},{"idx":"bk5b","llx":14,"lly":52.5,"width":17.5,"height":13.3},{"idx":"bk5c","llx":88.2,"lly":35,"width":13.3,"height":23.1},{"idx":"bk6","llx":22.4,"lly":25.9,"width":31.5,"height":13.3},{"idx":"bk7","llx":104.3,"lly":80.5,"width":9.8,"height":18.2},{"idx":"bk8a","llx":69.3,"lly":59.5,"width":21,"height":21},{"idx":"bk8b","llx":60.2,"lly":0,"width":37.8,"height":12.6},{"idx":"bk9a","llx":90.3,"lly":59.5,"width":11.9,"height":18.2},{"idx":"bk9b","llx":0,"lly":28,"width":11.9,"height":11.9},{"idx":"bk9c","llx":67.9,"lly":80.5,"width":35.7,"height":11.9},{"idx":"bk9d","llx":60.9,"lly":52.5,"width":8.4,"height":11.9}]}
Run time: 15329.5 ms
pass 0
current hpwl = 1419362
current chip area = 38103184
current cost = 1.99532e+07
current asp ratio = 0.708015
{"block_number":49,"llx":0,"lly":0,"urx":533.6,"ury":767.3,"area":409431,"coordinates":[{"idx":"M001","llx":0,"lly":0,"width":170.8,"height":323.4},{"idx":"M002","llx":0,"lly":323.4,"width":67.2,"height":155.4},{"idx":"M003","llx":170.8,"lly":0,"width":100.8,"height":218.4},{"idx":"M004","llx":271.6,"lly":0,"width":161,"height":308},{"idx":"M005","llx":170.8,"lly":218.4,"width":53.2,"height":138.6},{"idx":"M006","llx":67.2,"lly":323.4,"width":88.2,"height":186.2},{"idx":"M007","llx":141.4,"lly":648.2,"width":86.8,"height":35},{"idx":"M008","llx":432.6,"lly":130.2,"width":64.4,"height":124.6},{"idx":"M009","llx":95.2,"lly":593.6,"width":46.2,"height":98},{"idx":"M010","llx":365.4,"lly":389.2,"width":61.6,"height":29.4},{"idx":"M011","llx":246.4,"lly":495.6,"width":82.6,"height":37.8},{"idx":"M012","llx":205.8,"lly":470.4,"width":40.6,"height":79.8},{"idx":"M013","llx":299.6,"lly":389.2,"width":26.6,"height":67.2},{"idx":"M014","llx":224,"lly":218.4,"width":40.6,"height":92.4},{"idx":"M015","llx":99.4,"lly":509.6,"width":40.6,"height":84},{"idx":"M016","llx":67.2,"lly":509.6,"width":32.2,"height":79.8},{"idx":"M017","llx":155.4,"lly":477.4,"width":39.2,"height":75.6},{"idx":"M018","llx":305.2,"lly":350,"width":107.8,"height":39.2},{"idx":"M019","llx":365.4,"lly":418.6,"width":82.6,"height":39.2},{"idx":"M020","llx":432.6,"lly":254.8,"width":25.2,"height":79.8},{"idx":"M021","llx":56,"lly":593.6,"width":39.2,"height":82.6},{"idx":"M022","llx":180.6,"lly":697.2,"width":95.2,"height":36.4},{"idx":"M023","llx":205.8,"lly":357,"width":49,"height":113.4},{"idx":"M024","llx":457.8,"lly":254.8,"width":26.6,"height":79.8},{"idx":"M025","llx":361.2,"lly":693,"width":78.4,"height":32.2},{"idx":"M026","llx":484.4,"lly":254.8,"width":35,"height":72.8},{"idx":"M027","llx":427,"lly":334.6,"width":36.4,"height":84},{"idx":"M028","llx":463.4,"lly":334.6,"width":51.8,"height":106.4},{"idx":"M029","llx":228.2,"lly":648.2,"width":99.4,"height":49},{"idx":"M030","llx":393.4,"lly":562.8,"width":72.8,"height":130.2},{"idx":"M031","llx":329,"lly":467.6,"width":105,"height":39.2},{"idx":"M032","llx":466.2,"lly":562.8,"width":37.8,"height":78.4},{"idx":"M033","llx":141.4,"lly":553,"width":189,"height":95.2},{"idx":"M034","llx":330.4,"lly":506.8,"width":114.8,"height":56},{"idx":"M035","llx":95.2,"lly":691.6,"width":85.4,"height":39.2},{"idx":"M036","llx":0,"lly":478.8,"width":44.8,"height":99.4},{"idx":"M037","llx":0,"lly":578.2,"width":56,"height":121.8},{"idx":"M038","llx":254.8,"lly":357,"width":44.8,"height":96.6},{"idx":"M039","llx":329,"lly":389.2,"width":36.4,"height":78.4},{"idx":"M040","llx":305.2,"lly":310.8,"width":86.8,"height":39.2},{"idx":"M041","llx":275.8,"lly":697.2,"width":85.4,"height":36.4},{"idx":"M042","llx":497,"lly":130.2,"width":16.8,"height":37.8},{"idx":"M043","llx":466.2,"lly":641.2,"width":53.2,"height":91},{"idx":"M044","llx":330.4,"lly":562.8,"width":63,"height":130.2},{"idx":"M045","llx":448,"lly":441,"width":67.2,"height":116.2},{"idx":"M046","llx":155.4,"lly":357,"width":50.4,"height":120.4},{"idx":"M047","llx":224,"lly":310.8,"width":81.2,"height":43.4},{"idx":"M048","llx":432.6,"lly":0,"width":72.8,"height":130.2},{"idx":"M049","llx":254.8,"lly":456.4,"width":74.2,"height":39.2}]}
Run time: 27924.7 ms
pass 0
current hpwl = 768964
current chip area = 21113904
current cost = 1.11347e+07
current asp ratio = 1.31239
{"block_number":10,"llx":0,"lly":0,"urx":533.6,"ury":413.8,"area":220804,"coordinates":[{"idx":"BLKB","llx":211.4,"lly":0,"width":61.6,"height":129.5},{"idx":"BLKD","llx":0,"lly":129.5,"width":129.5,"height":49},{"idx":"BLKLL","llx":129.5,"lly":129.5,"width":129.5,"height":253.4},{"idx":"BLKLR","llx":259,"lly":129.5,"width":129.5,"height":256.9},{"idx":"BLKP","llx":388.5,"lly":131.6,"width":84,"height":75.6},{"idx":"BLKRC","llx":0,"lly":178.5,"width":116.2,"height":193.9},{"idx":"BLKRS","llx":273,"lly":0,"width":165.2,"height":121.8},{"idx":"BLKT","llx":438.2,"lly":0,"width":88.2,"height":131.6},{"idx":"BLKUL","llx":0,"lly":0,"width":211.4,"height":129.5},{"idx":"BLKUR","llx":388.5,"lly":207.2,"width":129.5,"height":193.9}]}
Run time: 11946.6 ms
pass 0
pass 1
pass 2
pass 3
pass 4
pass 5
pass 6
pass 7
pass 8
pass 9
current hpwl = 415072
current chip area = 10854480
current cost = 5.65502e+06
current asp ratio = 1.45641
{"block_number":11,"llx":0,"lly":0,"urx":386.6,"ury":264.6,"area":102294,"coordinates":[{"idx":"clkc","llx":351.4,"lly":166.6,"width":46.2,"height":103.6},{"idx":"clkd","llx":351.4,"lly":96.6,"width":37.8,"height":70},{"idx":"cmp1","llx":0,"lly":151.2,"width":21,"height":98},{"idx":"cmp2","llx":98,"lly":252,"width":98,"height":21},{"idx":"cmp3","llx":0,"lly":252,"width":98,"height":21},{"idx":"cntd","llx":0,"lly":96.6,"width":330.4,"height":54.6},{"idx":"cntu","llx":21,"lly":151.2,"width":330.4,"height":54.6},{"idx":"npd","llx":0,"lly":25.2,"width":201.6,"height":25.2},{"idx":"nps","llx":0,"lly":50.4,"width":308,"height":46.2},{"idx":"ppd","llx":0,"lly":0,"width":201.6,"height":25.2},{"idx":"pps","llx":21,"lly":205.8,"width":308,"height":46.2}]}
Run time: 83473.4 ms
######################################################################
           input: 1
   num of blocks: 5
num of terminals: 3
     num of nets: 1
            area: 720000
 area difference: 0.0
            hpwl: 1100.0
 hpwl difference: 0.06818181818181818
      total cost: 360550.0
            SAME
           LEGAL
        IN BOUND
######################################################################
######################################################################
           input: 2
   num of blocks: 30
num of terminals: 3
     num of nets: 1
            area: 720000
 area difference: 0.0
            hpwl: 400.0
 hpwl difference: 0.0
      total cost: 360200.0
            SAME
           LEGAL
        IN BOUND
######################################################################
######################################################################
           input: 3
   num of blocks: 103
num of terminals: 3
     num of nets: 1
            area: 208641384
 area difference: 0.0
            hpwl: 450.0
 hpwl difference: 0.08333333333333333
      total cost: 104320917.0
            SAME
           LEGAL
        IN BOUND
######################################################################
######################################################################
           input: ami33
   num of blocks: 33
num of terminals: 40
     num of nets: 121
            area: 1211966
 area difference: 0.0
            hpwl: 112780.5
 hpwl difference: -0.13643205164013283
      total cost: 662373.25
            SAME
           LEGAL
        IN BOUND
######################################################################
######################################################################
           input: ami49
   num of blocks: 49
num of terminals: 22
     num of nets: 396
            area: 38103184
 area difference: 0.0
            hpwl: 1353086.0
 hpwl difference: -0.012245341389978168
      total cost: 19728135.0
            SAME
           LEGAL
        IN BOUND
######################################################################
######################################################################
           input: xerox
   num of blocks: 10
num of terminals: 2
     num of nets: 182
            area: 21113904
 area difference: 0.0
            hpwl: 723250.5
 hpwl difference: -0.015801406290075155
      total cost: 10918577.25
            SAME
           LEGAL
        IN BOUND
######################################################################
######################################################################
           input: hp
   num of blocks: 11
num of terminals: 45
     num of nets: 70
            area: 10854480
 area difference: 0.0
            hpwl: 243873.0
 hpwl difference: -0.1755001578690548
      total cost: 5549176.5
            SAME
           LEGAL
    OUT OF BOUND
######################################################################
