Wirelength = 868
V-line (53,15) (41,4)
H-line (50,94) (50,97)
H-line (34,51) (34,42)
V-line (17,32) (26,35)
V-line (86,52) (95,58)
V-line (17,47) (14,59)
V-line (48,90) (51,81)
H-line (84,43) (84,52)
V-line (24,71) (28,80)
V-line (23,89) (14,89)
V-line (99,95) (95,95)
V-line (22,47) (29,51)
H-line (66,66) (66,61)
V-line (24,71) (34,68)
V-line (86,34) (77,23)
H-line (54,26) (54,19)
H-line (79,15) (79,5)
V-line (17,32) (16,13)
V-line (34,51) (99,95)
V-line (79,19) (49,94)
V-line (54,19) (53,15)
V-line (57,58) (53,57)
V-line (49,94) (48,90)
V-line (51,81) (61,77)
V-line (61,77) (70,75)
V-line (70,75) (66,66)
V-line (51,77) (22,47)
H-line (17,47) (17,40)
V-line (57,57) (60,4)
V-line (17,40) (9,38)
H-line (79,19) (79,15)
V-line (66,61) (57,58)
V-line (77,23) (72,25)
V-line (77,34) (24,71)
V-line (24,71) (20,73)
V-line (72,25) (66,26)
V-line (34,68) (40,71)
V-line (71,83) (83,88)
H-line (61,38) (61,44)
H-line (17,40) (17,32)
V-line (70,75) (71,83)
V-line (49,94) (50,94)
V-line (77,23) (83,19)
H-line (86,34) (86,43)
V-line (83,95) (23,95)
V-line (79,5) (81,2)
H-line (63,37) (63,38)
V-line (66,26) (61,35)
V-line (63,38) (64,37)
V-line (88,34) (86,34)
H-line (20,73) (20,59)
V-line (61,77) (51,77)
V-line (51,81) (48,81)
H-line (86,43) (86,52)
V-line (28,80) (24,80)
H-line (83,88) (83,95)
V-line (29,51) (34,51)
H-line (40,71) (40,68)
V-line (88,34) (77,34)
H-line (57,58) (57,57)
V-line (51,81) (49,90)
H-line (66,66) (66,75)
V-line (22,47) (17,47)
V-line (57,58) (66,58)
V-line (61,44) (57,57)
V-line (34,68) (28,71)
V-line (66,26) (54,26)
V-line (83,19) (79,19)
V-line (86,43) (84,43)
H-line (23,95) (23,89)
H-line (61,35) (61,38)
V-line (61,35) (63,37)
