Wirelength = 1410
V-line (79,42) (81,42)
V-line (18,43) (9,43)
V-line (74,12) (79,14)
V-line (27,12) (23,14)
V-line (82,23) (75,21)
V-line (19,95) (18,95)
V-line (74,45) (78,49)
V-line (81,94) (73,92)
V-line (98,12) (99,8)
H-line (27,12) (27,3)
V-line (66,16) (63,10)
H-line (18,54) (18,30)
V-line (86,37) (88,92)
V-line (30,90) (35,98)
H-line (89,92) (89,94)
V-line (75,21) (72,22)
V-line (39,79) (37,82)
V-line (70,12) (66,16)
V-line (49,43) (48,41)
V-line (18,88) (82,23)
V-line (63,10) (62,0)
V-line (74,42) (70,40)
H-line (49,51) (49,43)
V-line (81,1) (84,0)
V-line (8,5) (3,12)
V-line (60,56) (56,67)
V-line (91,71) (74,74)
V-line (55,67) (49,62)
V-line (68,34) (67,36)
V-line (60,56) (61,56)
V-line (37,82) (30,85)
V-line (35,67) (30,67)
V-line (74,49) (19,96)
V-line (36,67) (35,67)
V-line (30,15) (37,17)
V-line (46,6) (42,0)
V-line (74,10) (70,12)
V-line (91,71) (92,71)
V-line (7,74) (8,77)
V-line (30,63) (24,63)
H-line (41,79) (41,80)
V-line (28,12) (30,15)
V-line (75,23) (54,31)
V-line (74,73) (78,73)
V-line (73,92) (67,91)
V-line (88,94) (81,98)
V-line (48,31) (28,12)
V-line (27,3) (17,0)
V-line (16,0) (8,5)
H-line (67,92) (67,98)
V-line (54,27) (74,10)
V-line (35,96) (50,96)
V-line (81,42) (74,42)
V-line (61,53) (68,34)
V-line (21,54) (19,44)
V-line (97,14) (98,12)
V-line (30,85) (24,80)
V-line (18,30) (28,30)
V-line (79,42) (12,58)
H-line (4,43) (4,31)
V-line (3,88) (1,85)
H-line (81,73) (81,81)
V-line (67,40) (49,51)
V-line (79,14) (81,10)
V-line (52,51) (56,49)
H-line (8,77) (8,82)
V-line (12,58) (11,58)
V-line (86,37) (79,37)
V-line (1,47) (0,47)
V-line (74,73) (72,72)
H-line (91,69) (91,70)
V-line (37,79) (36,67)
V-line (47,16) (50,16)
V-line (30,80) (97,14)
H-line (74,10) (74,1)
V-line (48,22) (46,27)
V-line (63,16) (39,79)
V-line (8,82) (9,88)
H-line (30,85) (30,90)
V-line (86,29) (98,38)
V-line (81,92) (91,58)
V-line (24,63) (21,54)
V-line (17,0) (16,0)
V-line (91,70) (92,69)
H-line (47,22) (47,16)
V-line (89,92) (93,90)
V-line (82,23) (86,29)
V-line (66,12) (46,6)
H-line (55,67) (55,72)
V-line (56,51) (60,53)
V-line (49,51) (52,51)
V-line (30,63) (32,61)
V-line (36,67) (39,63)
V-line (1,85) (3,90)
V-line (4,43) (1,47)
V-line (41,79) (48,22)
V-line (50,16) (53,17)
H-line (74,42) (74,45)
V-line (81,73) (86,73)
H-line (79,37) (79,42)
H-line (19,44) (19,43)
V-line (9,43) (4,43)
V-line (79,14) (75,14)
V-line (9,88) (18,88)
H-line (74,45) (74,49)
H-line (81,98) (81,92)
H-line (63,10) (63,16)
H-line (19,44) (19,30)
V-line (88,92) (89,92)
H-line (35,98) (35,96)
V-line (89,94) (88,94)
H-line (63,10) (63,16)
H-line (49,43) (49,41)
H-line (75,21) (75,23)
V-line (56,67) (55,67)
H-line (74,74) (74,73)
V-line (39,63) (49,63)
V-line (70,40) (67,40)
V-line (60,53) (61,53)
H-line (30,67) (30,63)
H-line (19,96) (19,95)
H-line (37,17) (37,16)
H-line (66,16) (66,12)
H-line (48,41) (48,31)
V-line (78,73) (74,73)
V-line (78,73) (81,73)
H-line (67,91) (67,92)
V-line (89,94) (81,94)
V-line (28,12) (27,12)
V-line (70,12) (74,12)
V-line (67,36) (68,36)
V-line (19,44) (18,43)
H-line (30,85) (30,80)
V-line (21,54) (18,54)
H-line (81,81) (81,90)
H-line (81,10) (81,14)
H-line (56,49) (56,51)
H-line (79,37) (79,42)
H-line (91,70) (91,71)
V-line (74,1) (81,1)
H-line (54,31) (54,27)
V-line (39,79) (41,79)
H-line (37,82) (37,79)
V-line (78,49) (86,49)
V-line (24,63) (21,58)
H-line (91,58) (91,69)
H-line (86,29) (86,37)
H-line (60,53) (60,56)
V-line (9,88) (3,88)
V-line (46,27) (47,22)
V-line (50,16) (53,16)
