Wirelength = 47040
H-line (481,899) (481,911)
V-line (295,477) (241,482)
V-line (911,939) (930,939)
V-line (747,70) (196,518)
V-line (311,245) (270,245)
V-line (313,86) (330,777)
V-line (592,561) (599,545)
V-line (287,435) (275,435)
V-line (57,969) (95,996)
V-line (441,660) (518,86)
V-line (632,256) (614,212)
H-line (951,206) (951,165)
V-line (833,448) (864,423)
V-line (588,588) (592,561)
V-line (478,288) (477,264)
H-line (818,353) (818,311)
V-line (531,416) (527,411)
H-line (145,468) (145,457)
V-line (330,735) (350,693)
V-line (341,951) (327,973)
V-line (294,637) (290,657)
V-line (756,887) (750,890)
V-line (16,377) (554,377)
H-line (677,31) (677,1)
V-line (412,547) (374,547)
V-line (110,360) (88,340)
V-line (115,388) (111,391)
V-line (828,970) (857,975)
V-line (833,448) (814,449)
V-line (904,646) (889,644)
H-line (65,86) (65,59)
V-line (939,575) (955,593)
V-line (482,486) (470,452)
V-line (238,54) (402,173)
V-line (158,730) (145,730)
H-line (146,457) (146,436)
V-line (702,248) (739,248)
V-line (334,312) (326,294)
V-line (599,11) (625,3)
V-line (273,359) (295,351)
V-line (916,733) (902,735)
V-line (65,30) (43,14)
H-line (127,887) (127,901)
H-line (341,951) (341,941)
H-line (702,205) (702,230)
V-line (949,783) (937,768)
V-line (664,889) (641,892)
V-line (690,466) (713,464)
V-line (331,95) (344,115)
H-line (637,863) (637,842)
V-line (853,127) (845,135)
V-line (255,596) (278,585)
V-line (778,922) (735,956)
V-line (255,360) (231,360)
H-line (311,856) (311,878)
H-line (64,169) (64,213)
V-line (630,477) (614,459)
V-line (182,93) (227,93)
V-line (361,569) (360,569)
V-line (25,51) (34,63)
V-line (159,306) (151,324)
V-line (202,160) (183,145)
V-line (195,923) (216,896)
V-line (287,435) (609,913)
V-line (12,601) (11,598)
V-line (765,203) (755,209)
V-line (765,377) (733,385)
H-line (146,457) (146,468)
V-line (336,344) (341,377)
V-line (166,638) (180,652)
V-line (231,601) (255,596)
H-line (217,896) (217,869)
V-line (70,440) (56,445)
V-line (949,768) (962,768)
V-line (350,333) (366,349)
V-line (216,869) (183,869)
V-line (681,366) (673,366)
V-line (39,241) (14,241)
V-line (582,623) (614,623)
V-line (563,938) (506,978)
V-line (507,513) (221,613)
V-line (183,329) (187,306)
V-line (334,333) (350,333)
V-line (132,673) (126,691)
V-line (55,641) (62,659)
V-line (681,338) (695,317)
V-line (217,896) (255,913)
V-line (526,705) (539,663)
V-line (691,872) (710,853)
V-line (409,428) (432,428)
V-line (574,607) (554,615)
V-line (279,581) (297,579)
H-line (334,330) (334,312)
V-line (195,923) (173,948)
V-line (293,677) (287,679)
V-line (957,504) (926,509)
V-line (659,483) (645,465)
V-line (173,974) (167,995)
V-line (159,306) (150,294)
V-line (62,212) (39,212)
V-line (313,86) (305,86)
V-line (536,560) (530,560)
V-line (341,377) (351,421)
V-line (563,416) (576,413)
H-line (274,21) (274,8)
V-line (311,856) (841,829)
V-line (948,139) (975,139)
V-line (758,336) (760,309)
H-line (803,922) (803,933)
V-line (591,69) (610,90)
V-line (944,932) (965,888)
H-line (951,593) (951,610)
V-line (344,115) (354,119)
V-line (955,479) (957,504)
H-line (765,377) (765,348)
V-line (724,87) (717,70)
V-line (773,592) (787,599)
V-line (957,504) (982,490)
V-line (11,598) (20,558)
V-line (65,86) (904,646)
H-line (918,96) (918,97)
V-line (808,918) (827,894)
V-line (580,597) (588,588)
V-line (554,377) (555,391)
V-line (532,138) (521,165)
V-line (326,301) (482,486)
V-line (68,773) (54,785)
V-line (421,760) (448,760)
V-line (914,749) (904,758)
V-line (261,23) (264,21)
V-line (457,309) (458,333)
V-line (435,633) (443,597)
V-line (942,447) (932,426)
H-line (88,340) (88,304)
V-line (295,351) (336,344)
V-line (917,248) (951,255)
H-line (441,760) (441,778)
H-line (501,87) (501,30)
V-line (717,70) (718,56)
V-line (818,353) (773,592)
V-line (807,380) (574,607)
V-line (244,869) (430,980)
V-line (427,899) (393,879)
V-line (708,606) (740,649)
V-line (936,356) (989,356)
H-line (671,781) (671,799)
H-line (690,475) (690,466)
V-line (427,974) (397,974)
V-line (975,176) (244,837)
V-line (278,585) (279,581)
V-line (175,623) (181,582)
V-line (167,995) (188,974)
V-line (350,693) (360,689)
V-line (351,421) (356,431)
V-line (93,143) (97,130)
V-line (43,23) (23,23)
V-line (70,440) (89,453)
H-line (3,472) (3,482)
V-line (724,87) (684,95)
V-line (165,673) (132,673)
V-line (416,173) (452,155)
H-line (825,521) (825,494)
V-line (990,239) (973,222)
H-line (468,245) (468,218)
V-line (419,73) (411,99)
V-line (787,599) (799,592)
H-line (681,338) (681,339)
V-line (932,394) (918,394)
V-line (364,275) (380,275)
H-line (825,494) (825,477)
V-line (756,860) (757,848)
V-line (841,829) (853,846)
H-line (301,843) (301,856)
V-line (918,393) (681,338)
V-line (335,156) (304,165)
V-line (330,756) (363,756)
V-line (702,205) (672,188)
V-line (614,623) (602,645)
V-line (419,73) (410,70)
V-line (853,135) (863,173)
V-line (501,25) (522,14)
V-line (805,197) (765,203)
V-line (349,62) (353,36)
H-line (597,705) (597,733)
V-line (630,416) (663,422)
V-line (555,391) (563,420)
H-line (622,459) (622,416)
H-line (618,913) (618,924)
V-line (615,654) (624,651)
H-line (614,924) (614,928)
H-line (816,970) (816,977)
V-line (3,482) (36,488)
V-line (142,623) (166,638)
H-line (134,901) (134,928)
V-line (88,349) (61,349)
V-line (100,613) (102,583)
V-line (336,198) (364,219)
V-line (762,70) (786,69)
H-line (255,727) (255,736)
V-line (808,922) (803,918)
V-line (161,718) (158,718)
V-line (727,781) (690,781)
V-line (150,306) (134,309)
V-line (66,103) (57,110)
V-line (943,710) (960,671)
V-line (57,114) (39,129)
V-line (660,99) (648,75)
V-line (637,842) (617,814)
V-line (943,671) (66,103)
V-line (89,453) (95,479)
V-line (817,236) (805,197)
V-line (78,146) (62,169)
H-line (416,173) (416,200)
V-line (261,23) (238,24)
V-line (918,394) (936,393)
V-line (860,262) (942,447)
V-line (100,619) (111,633)
H-line (580,607) (580,597)
V-line (735,922) (294,637)
V-line (703,606) (708,606)
V-line (684,95) (660,99)
V-line (760,309) (735,308)
H-line (526,733) (526,705)
V-line (445,592) (475,592)
V-line (592,588) (808,922)
V-line (710,847) (71,613)
V-line (95,479) (119,485)
V-line (118,854) (134,887)
V-line (677,31) (38,725)
V-line (833,449) (911,974)
V-line (132,814) (118,854)
H-line (773,592) (773,582)
V-line (831,360) (839,353)
V-line (518,120) (531,133)
V-line (986,249) (990,239)
V-line (718,31) (739,2)
V-line (501,87) (690,475)
H-line (311,199) (311,217)
V-line (531,133) (532,138)
V-line (151,324) (161,340)
V-line (71,613) (60,585)
V-line (297,579) (306,531)
V-line (949,768) (70,440)
V-line (411,99) (418,108)
V-line (166,652) (165,682)
V-line (805,449) (435,636)
V-line (551,545) (536,560)
V-line (778,918) (218,727)
V-line (937,768) (914,749)
H-line (860,262) (860,256)
V-line (702,248) (341,951)
V-line (260,387) (259,383)
V-line (803,918) (778,922)
V-line (586,359) (600,310)
V-line (57,110) (60,114)
V-line (18,434) (3,472)
V-line (695,317) (699,309)
V-line (354,119) (355,121)
V-line (68,773) (101,773)
V-line (580,607) (582,619)
V-line (591,69) (807,369)
V-line (273,351) (255,343)
V-line (964,821) (929,825)
V-line (439,843) (422,843)
V-line (917,262) (926,282)
V-line (71,613) (100,619)
V-line (554,370) (586,359)
V-line (16,406) (3,364)
V-line (298,960) (281,955)
V-line (38,725) (27,693)
H-line (69,59) (69,30)
V-line (531,133) (517,120)
V-line (664,889) (691,872)
V-line (244,837) (242,792)
V-line (975,139) (997,176)
V-line (729,794) (763,805)
V-line (554,370) (545,370)
H-line (500,486) (500,474)
V-line (218,942) (195,923)
V-line (690,475) (670,474)
V-line (555,138) (557,122)
V-line (43,23) (93,143)
V-line (830,461) (833,448)
V-line (849,71) (860,114)
V-line (600,359) (756,887)
V-line (132,814) (159,825)
V-line (876,28) (917,28)
V-line (327,960) (298,960)
V-line (901,918) (900,892)
V-line (85,226) (104,249)
V-line (118,854) (68,868)
V-line (57,969) (54,965)
V-line (252,564) (238,555)
V-line (763,805) (791,786)
V-line (825,477) (830,461)
V-line (176,294) (260,387)
V-line (597,733) (583,705)
V-line (563,416) (531,416)
V-line (507,767) (506,743)
V-line (860,262) (882,262)
H-line (630,416) (630,393)
H-line (439,843) (439,899)
V-line (395,763) (421,737)
V-line (857,673) (859,673)
V-line (953,952) (981,963)
V-line (917,28) (923,49)
V-line (161,340) (183,329)
V-line (356,422) (366,422)
V-line (202,158) (236,158)
H-line (560,72) (560,66)
V-line (964,821) (971,820)
V-line (681,366) (806,555)
V-line (876,712) (877,689)
V-line (330,756) (323,735)
V-line (423,558) (432,558)
V-line (322,62) (349,62)
V-line (330,777) (303,789)
H-line (313,86) (313,77)
V-line (861,524) (878,524)
V-line (756,887) (750,860)
V-line (501,25) (487,25)
V-line (936,356) (261,23)
V-line (375,628) (355,628)
V-line (443,597) (445,591)
V-line (119,59) (138,5)
V-line (39,114) (10,109)
V-line (159,816) (177,816)
V-line (40,417) (16,406)
V-line (876,692) (857,692)
V-line (534,307) (494,289)
V-line (244,837) (250,843)
H-line (703,545) (703,553)
V-line (625,11) (632,16)
V-line (637,842) (630,863)
V-line (507,743) (540,733)
H-line (75,349) (75,379)
V-line (765,348) (758,336)
V-line (409,454) (402,465)
V-line (336,198) (316,199)
V-line (554,607) (409,454)
H-line (556,754) (556,771)
V-line (915,747) (916,733)
V-line (930,939) (939,932)
V-line (475,795) (492,796)
V-line (614,938) (624,986)
V-line (64,213) (85,226)
V-line (841,829) (829,788)
V-line (582,623) (132,814)
H-line (804,151) (804,114)
V-line (703,696) (677,696)
V-line (829,788) (847,752)
H-line (427,974) (427,958)
V-line (917,282) (440,830)
V-line (791,786) (775,757)
V-line (398,173) (381,184)
V-line (614,938) (563,938)
V-line (942,447) (955,479)
V-line (68,868) (23,894)
V-line (423,558) (412,515)
V-line (681,366) (690,388)
V-line (860,114) (853,127)
H-line (615,654) (615,683)
V-line (914,749) (915,747)
V-line (817,40) (849,71)
V-line (876,28) (861,526)
V-line (39,109) (119,61)
V-line (599,545) (630,547)
V-line (34,63) (19,70)
V-line (703,696) (729,794)
V-line (182,93) (179,110)
V-line (630,842) (331,95)
V-line (55,641) (48,638)
V-line (964,820) (574,72)
H-line (533,352) (533,338)
H-line (939,509) (939,575)
V-line (729,794) (727,793)
V-line (829,752) (703,694)
V-line (816,977) (828,970)
H-line (441,660) (441,677)
V-line (406,633) (394,654)
V-line (551,545) (555,513)
H-line (715,510) (715,537)
V-line (66,103) (60,86)
V-line (273,383) (959,789)
V-line (242,149) (233,139)
V-line (279,581) (252,564)
V-line (187,306) (234,300)
H-line (202,896) (202,160)
V-line (787,592) (724,87)
V-line (949,768) (851,16)
V-line (23,894) (15,930)
V-line (165,682) (161,718)
H-line (624,986) (624,989)
V-line (423,558) (40,417)
V-line (40,417) (18,434)
V-line (443,591) (423,573)
V-line (951,165) (948,139)
V-line (334,333) (110,360)
V-line (574,72) (577,69)
V-line (521,165) (502,162)
V-line (540,733) (560,754)
V-line (93,143) (78,146)
V-line (435,636) (406,633)
V-line (670,474) (659,483)
V-line (311,245) (720,510)
V-line (518,86) (499,87)
V-line (435,636) (440,660)
V-line (859,644) (805,416)
V-line (39,212) (1,198)
V-line (851,16) (833,19)
V-line (951,206) (632,256)
V-line (939,932) (944,932)
V-line (718,56) (747,54)
H-line (293,657) (293,677)
V-line (441,778) (475,795)
V-line (831,380) (839,388)
V-line (930,939) (901,918)
V-line (533,338) (534,307)
V-line (588,561) (551,545)
V-line (111,633) (142,623)
V-line (71,613) (55,641)
V-line (710,853) (711,847)
V-line (664,889) (653,868)
V-line (602,645) (615,654)
V-line (441,778) (418,800)
V-line (23,23) (25,51)
V-line (196,555) (57,969)
H-line (335,756) (335,156)
V-line (445,592) (375,628)
V-line (202,160) (185,203)
V-line (255,360) (775,377)
H-line (591,69) (591,28)
V-line (95,969) (295,477)
V-line (409,428) (336,198)
V-line (54,785) (23,830)
V-line (146,436) (173,430)
V-line (817,236) (824,236)
V-line (645,465) (630,477)
V-line (477,264) (457,245)
V-line (481,911) (484,875)
V-line (36,488) (46,509)
V-line (942,447) (926,455)
V-line (817,261) (831,262)
V-line (973,222) (963,206)
V-line (236,158) (242,149)
V-line (366,349) (409,370)
V-line (533,338) (526,352)
V-line (402,173) (398,173)
V-line (313,86) (182,86)
V-line (755,209) (723,205)
V-line (926,282) (917,248)
V-line (962,768) (987,741)
V-line (475,592) (485,617)
V-line (670,475) (218,942)
H-line (215,86) (215,54)
V-line (531,411) (817,261)
V-line (918,97) (916,96)
V-line (911,939) (68,747)
V-line (718,56) (710,31)
V-line (944,932) (953,952)
V-line (165,715) (180,715)
H-line (322,77) (322,58)
V-line (787,592) (419,73)
V-line (221,613) (231,601)
V-line (179,145) (159,306)
V-line (182,86) (158,76)
V-line (557,122) (555,146)
V-line (833,19) (817,40)
V-line (110,360) (115,388)
V-line (336,344) (334,330)
V-line (804,114) (794,151)
V-line (916,733) (943,710)
V-line (591,28) (599,11)
V-line (478,289) (457,309)
V-line (363,756) (395,763)
V-line (592,561) (614,575)
V-line (494,289) (478,288)
V-line (739,31) (986,249)
V-line (374,547) (361,569)
V-line (861,524) (851,521)
V-line (851,16) (876,9)
V-line (959,789) (949,783)
V-line (492,795) (507,767)
V-line (166,623) (175,623)
V-line (500,486) (507,509)
V-line (326,301) (305,301)
H-line (12,612) (12,601)
V-line (560,72) (12,612)
V-line (959,789) (964,821)
V-line (260,383) (273,359)
V-line (609,913) (584,887)
V-line (260,387) (287,414)
V-line (150,294) (176,273)
V-line (672,904) (664,889)
V-line (196,518) (194,515)
V-line (747,54) (762,70)
V-line (902,733) (876,712)
V-line (231,360) (205,384)
V-line (807,369) (831,380)
V-line (439,899) (481,899)
H-line (295,477) (295,482)
H-line (330,777) (330,756)
H-line (287,414) (287,435)
V-line (57,969) (95,969)
V-line (672,188) (614,188)
V-line (963,206) (951,206)
V-line (592,561) (588,561)
H-line (531,416) (531,411)
V-line (145,457) (146,457)
H-line (327,973) (327,960)
V-line (290,657) (293,657)
H-line (554,377) (554,370)
H-line (88,340) (88,349)
H-line (833,448) (833,449)
H-line (859,673) (859,644)
V-line (60,86) (65,86)
V-line (65,59) (69,59)
V-line (955,593) (951,593)
V-line (402,173) (416,173)
H-line (326,294) (326,301)
H-line (625,3) (625,11)
H-line (902,735) (902,733)
H-line (43,14) (43,23)
V-line (127,901) (134,901)
H-line (702,230) (702,248)
H-line (702,230) (702,205)
H-line (630,863) (630,842)
H-line (804,114) (804,135)
V-line (845,135) (853,135)
V-line (778,922) (735,922)
V-line (64,213) (62,212)
V-line (614,459) (622,459)
V-line (227,93) (215,86)
H-line (179,110) (179,145)
V-line (195,923) (202,896)
V-line (216,896) (217,896)
V-line (609,913) (618,913)
V-line (775,377) (733,377)
V-line (119,485) (145,468)
V-line (180,652) (166,652)
V-line (217,869) (216,869)
H-line (949,783) (949,768)
V-line (673,366) (681,366)
V-line (216,896) (255,896)
H-line (710,853) (710,860)
V-line (574,607) (554,607)
V-line (926,509) (939,509)
V-line (630,477) (645,477)
H-line (150,294) (150,306)
H-line (39,212) (39,241)
H-line (576,413) (576,416)
V-line (808,922) (803,922)
H-line (648,75) (648,90)
H-line (944,932) (944,888)
H-line (718,56) (718,70)
V-line (799,592) (787,592)
H-line (904,646) (904,610)
H-line (916,96) (916,97)
H-line (592,561) (592,588)
H-line (532,138) (532,165)
V-line (470,452) (482,452)
V-line (482,486) (500,486)
V-line (448,760) (441,760)
V-line (264,21) (274,21)
V-line (932,426) (936,426)
V-line (134,309) (88,309)
V-line (336,344) (295,344)
H-line (951,255) (951,249)
V-line (475,795) (448,778)
H-line (501,30) (501,25)
V-line (574,607) (580,607)
V-line (430,980) (427,974)
V-line (393,879) (422,879)
V-line (740,649) (708,649)
V-line (217,869) (244,869)
H-line (173,948) (173,974)
H-line (356,431) (356,422)
H-line (43,14) (43,23)
H-line (3,472) (3,479)
V-line (799,592) (787,592)
H-line (681,339) (681,366)
V-line (936,393) (918,393)
H-line (364,219) (364,275)
V-line (301,856) (311,856)
V-line (363,756) (335,756)
V-line (501,30) (522,30)
H-line (563,420) (563,416)
H-line (563,420) (563,416)
V-line (622,416) (614,416)
V-line (622,416) (630,416)
V-line (618,924) (614,924)
V-line (618,924) (615,924)
H-line (614,928) (614,938)
H-line (166,638) (166,623)
V-line (61,349) (75,349)
H-line (364,219) (364,275)
H-line (364,219) (364,198)
H-line (778,922) (778,918)
H-line (158,718) (158,730)
V-line (690,781) (671,781)
H-line (943,710) (943,671)
H-line (39,129) (39,114)
V-line (660,99) (648,90)
V-line (57,110) (66,110)
V-line (62,169) (64,169)
V-line (215,54) (238,54)
H-line (936,393) (936,356)
H-line (932,426) (932,394)
V-line (808,922) (803,922)
V-line (803,918) (808,918)
V-line (134,887) (127,887)
H-line (911,974) (911,939)
V-line (839,353) (818,353)
V-line (710,31) (739,31)
V-line (670,474) (690,474)
H-line (311,217) (311,245)
V-line (183,329) (161,329)
V-line (418,108) (411,108)
H-line (165,682) (165,673)
V-line (406,633) (435,633)
V-line (218,727) (255,727)
H-line (860,256) (860,262)
V-line (259,383) (260,383)
V-line (586,359) (600,359)
V-line (60,114) (57,114)
V-line (68,747) (101,747)
H-line (582,619) (582,623)
V-line (831,380) (807,380)
H-line (255,343) (255,360)
H-line (917,248) (917,282)
H-line (100,619) (100,613)
H-line (16,406) (16,377)
V-line (62,659) (38,693)
H-line (65,59) (65,30)
H-line (518,86) (518,120)
H-line (975,139) (975,176)
H-line (670,474) (670,475)
V-line (555,146) (557,146)
H-line (159,825) (159,816)
V-line (88,304) (104,304)
V-line (118,854) (85,854)
V-line (15,930) (23,930)
V-line (238,555) (196,555)
H-line (763,805) (763,786)
V-line (615,683) (597,705)
V-line (506,743) (507,743)
H-line (882,262) (882,256)
V-line (439,899) (481,899)
V-line (439,899) (427,899)
H-line (421,737) (421,760)
H-line (356,431) (356,422)
V-line (202,160) (236,160)
H-line (964,821) (964,820)
V-line (877,689) (876,692)
H-line (330,777) (330,735)
V-line (432,558) (423,558)
V-line (322,58) (349,58)
H-line (313,77) (313,86)
V-line (313,77) (322,77)
V-line (750,860) (756,860)
H-line (445,591) (445,592)
V-line (445,591) (443,591)
H-line (39,129) (39,109)
H-line (857,692) (857,673)
V-line (250,843) (301,843)
H-line (703,553) (703,606)
V-line (653,868) (637,863)
V-line (540,733) (526,733)
V-line (316,199) (311,199)
H-line (409,454) (409,428)
V-line (366,422) (402,454)
H-line (492,796) (492,795)
V-line (794,151) (804,135)
H-line (829,788) (829,752)
V-line (427,958) (430,958)
V-line (440,830) (439,843)
V-line (791,786) (775,786)
V-line (432,558) (412,547)
H-line (673,366) (673,388)
H-line (861,526) (861,524)
V-line (65,59) (119,59)
V-line (331,95) (313,86)
H-line (55,641) (55,638)
V-line (574,72) (560,72)
H-line (727,793) (727,781)
H-line (703,694) (703,696)
V-line (803,933) (816,970)
V-line (360,689) (394,660)
H-line (507,509) (507,513)
V-line (715,537) (703,545)
V-line (60,86) (65,86)
V-line (255,343) (234,306)
V-line (183,145) (202,158)
V-line (15,930) (54,930)
V-line (161,718) (165,715)
V-line (75,379) (40,406)
H-line (423,573) (423,558)
V-line (88,340) (110,340)
V-line (577,69) (591,69)
V-line (560,754) (556,754)
V-line (394,654) (406,636)
V-line (720,510) (715,510)
V-line (499,87) (501,87)
V-line (440,660) (441,660)
V-line (814,449) (805,449)
V-line (614,212) (632,212)
H-line (747,54) (747,56)
V-line (864,423) (839,423)
V-line (166,638) (142,633)
H-line (710,853) (710,847)
V-line (418,800) (440,800)
H-line (202,160) (202,203)
V-line (775,377) (765,377)
V-line (577,69) (591,69)
V-line (364,219) (336,199)
H-line (817,261) (817,236)
V-line (614,459) (630,465)
V-line (477,264) (468,245)
V-line (831,262) (860,262)
V-line (963,206) (951,206)
V-line (545,370) (533,352)
H-line (182,86) (182,93)
V-line (723,205) (702,205)
V-line (882,262) (917,262)
H-line (817,261) (817,236)
H-line (818,311) (818,262)
V-line (923,49) (918,96)
H-line (68,747) (68,773)
V-line (710,31) (677,31)
H-line (718,56) (718,31)
V-line (161,718) (180,718)
V-line (313,77) (322,62)
H-line (411,99) (411,73)
H-line (151,324) (151,306)
V-line (532,138) (555,138)
H-line (334,330) (334,333)
V-line (805,197) (804,151)
V-line (478,288) (458,309)
V-line (421,737) (395,756)
V-line (494,289) (478,289)
V-line (851,521) (825,521)
H-line (876,9) (876,28)
H-line (949,783) (949,768)
H-line (506,743) (506,767)
H-line (507,509) (507,513)
H-line (326,294) (326,301)
H-line (273,359) (273,383)
V-line (295,351) (273,351)
H-line (287,414) (287,435)
V-line (150,294) (176,294)
V-line (762,70) (747,70)
H-line (831,380) (831,360)
