Wirelength = 8609675
V-line (28142,64571) (26235,64019)
V-line (47308,86880) (45563,86734)
V-line (35416,10510) (33823,8196)
V-line (63315,79140) (64321,80801)
V-line (28713,89576) (29012,89075)
V-line (14555,87047) (15808,85409)
V-line (34518,50658) (35936,50723)
V-line (64119,69694) (65189,72267)
V-line (88508,34517) (87544,34517)
V-line (88995,9313) (90097,10851)
V-line (19381,15685) (21109,15803)
V-line (31573,80101) (31086,80101)
V-line (50749,54766) (50644,54766)
V-line (10093,43578) (11257,43744)
V-line (44577,48815) (45492,48279)
V-line (31337,89422) (31002,88079)
V-line (29443,76565) (28650,76565)
V-line (76698,61962) (74813,62473)
H-line (1114,54567) (1114,55487)
V-line (62067,29271) (59627,30126)
V-line (44283,75914) (44562,75435)
V-line (30859,99507) (31888,96850)
H-line (42511,96966) (42511,97077)
V-line (87378,45177) (85469,46407)
V-line (88954,27147) (47946,75567)
V-line (56815,84331) (57259,85407)
V-line (8520,88345) (7722,88345)
V-line (64696,73664) (65508,74718)
V-line (62211,76765) (59463,76765)
V-line (31651,21307) (34815,21307)
V-line (43118,82286) (41396,82169)
V-line (23423,21336) (9386,86398)
H-line (58734,85407) (58734,84200)
V-line (47585,58087) (48872,59848)
H-line (39687,10533) (39687,8499)
V-line (53602,39980) (6327,601)
V-line (744,51972) (286,54567)
V-line (13073,60031) (13803,59149)
V-line (68163,98633) (67996,99273)
V-line (3354,14929) (5557,15942)
V-line (71705,79168) (74840,79168)
V-line (17434,99812) (17702,98914)
V-line (67996,99273) (67513,99562)
V-line (71655,44333) (73632,43328)
V-line (90097,10851) (92680,8447)
V-line (67201,48502) (64636,50428)
V-line (88253,75877) (90616,74022)
V-line (38803,65703) (36827,65703)
H-line (74574,84633) (74574,85699)
V-line (40660,29145) (41903,30613)
V-line (11965,64582) (10550,64582)
V-line (26575,4049) (31214,10836)
V-line (17065,60973) (19149,61370)
V-line (88414,87318) (86338,87145)
V-line (61425,92835) (60643,91895)
V-line (20326,52918) (19440,51835)
V-line (68986,38094) (71063,37142)
V-line (50644,54766) (50749,54928)
V-line (37354,24381) (53056,24381)
V-line (95514,43587) (98256,45736)
V-line (47792,79369) (49181,79244)
V-line (1960,41072) (96165,39797)
V-line (51275,33435) (53267,32992)
V-line (22282,43505) (21852,44193)
V-line (36827,65208) (35043,63756)
V-line (75206,46210) (74807,45593)
V-line (26219,22901) (28338,22373)
V-line (74190,62587) (72781,63840)
V-line (84699,57253) (83743,59119)
V-line (50577,43436) (50985,44386)
V-line (66579,85692) (67366,86777)
V-line (11083,55331) (12573,54781)
V-line (40501,63322) (40271,63322)
V-line (7991,93109) (9709,93328)
V-line (5726,25394) (4056,24318)
V-line (37951,70973) (39064,69589)
V-line (2162,51696) (3562,51581)
H-line (25738,73061) (25738,73181)
V-line (2067,45458) (925,47591)
V-line (19822,35576) (17375,35968)
V-line (28713,89576) (27699,92182)
V-line (17417,44723) (97913,72389)
H-line (14555,89471) (14555,87047)
V-line (35915,14651) (36229,14651)
H-line (62518,3985) (62518,3567)
V-line (59627,29885) (59037,29885)
H-line (6696,88741) (6696,87963)
V-line (85469,46407) (84666,46968)
V-line (70360,10728) (67637,10728)
V-line (39064,70973) (40296,71693)
V-line (36117,96535) (35046,95712)
V-line (41156,54028) (41282,54960)
H-line (47294,81604) (47294,83373)
V-line (69198,61302) (28142,64571)
V-line (31277,45577) (30964,45517)
V-line (2293,73752) (540,75015)
V-line (36229,14651) (37699,14805)
V-line (50347,67179) (47404,68606)
H-line (1852,98831) (1852,99986)
V-line (82831,64299) (83257,64371)
V-line (763,58608) (3553,58647)
V-line (9175,26601) (10608,26601)
V-line (17721,27944) (46610,11626)
V-line (71331,14247) (73569,14247)
V-line (21109,15803) (22354,13865)
V-line (36229,14805) (2293,73752)
V-line (85912,27460) (25930,59927)
V-line (15808,87047) (28713,89576)
V-line (42079,54960) (43300,56855)
V-line (55828,89941) (54147,90616)
H-line (2372,72539) (2372,71039)
V-line (65947,56423) (65631,56423)
V-line (84675,12366) (85845,13036)
H-line (25029,5303) (25029,4049)
V-line (88414,85484) (13022,24639)
V-line (84468,35003) (84772,32927)
V-line (81172,95466) (83286,95380)
V-line (60877,44750) (59528,46248)
V-line (6285,51721) (7007,49450)
V-line (75206,46210) (76847,45713)
V-line (29835,89075) (63315,79140)
V-line (15458,5597) (19466,5597)
V-line (54075,50422) (55420,48179)
V-line (91786,98720) (95173,98720)
V-line (19499,51633) (21386,49321)
V-line (88382,40110) (89337,40110)
V-line (37022,70973) (36712,71320)
V-line (96005,22557) (96533,22557)
V-line (84468,36926) (84356,37914)
V-line (25777,14135) (26607,13730)
V-line (65082,11379) (62553,11379)
V-line (62467,63359) (63009,62191)
V-line (22034,39325) (23112,38890)
V-line (9166,29728) (8439,30119)
V-line (88515,85484) (88340,85287)
V-line (94674,68840) (92184,68007)
V-line (82526,12475) (80779,11650)
V-line (72299,37127) (73605,36199)
V-line (74574,85699) (76181,85130)
V-line (52592,96356) (51272,97567)
V-line (50749,54928) (50803,56961)
V-line (37651,89420) (37677,87516)
V-line (30830,34210) (28281,34210)
V-line (9166,29728) (10073,28990)
V-line (85707,53305) (88477,53032)
H-line (42720,68616) (42720,67382)
V-line (80569,21301) (80764,22082)
V-line (31768,3570) (29574,3876)
V-line (61089,36646) (60972,38013)
H-line (50347,62562) (50347,65664)
V-line (40501,43584) (39652,42531)
V-line (51033,19736) (50023,20432)
V-line (53602,39980) (54182,39980)
V-line (1202,97309) (72983,30363)
V-line (24714,23071) (25111,24255)
V-line (46563,75914) (44283,75914)
V-line (80185,78429) (81216,81960)
V-line (80779,11650) (79782,9498)
V-line (31337,89422) (32523,89856)
V-line (37354,21000) (38488,21000)
V-line (56644,97560) (59240,97560)
V-line (87977,39993) (88382,40004)
V-line (19822,35576) (19642,34308)
H-line (43880,95224) (43880,96966)
V-line (29593,58980) (72322,10579)
V-line (76253,28326) (78982,28326)
V-line (51846,29590) (53111,29006)
V-line (66369,23645) (65110,23645)
V-line (67377,36431) (68986,38094)
V-line (72322,10579) (70360,10449)
V-line (65082,13741) (62349,14643)
V-line (2067,45458) (2716,43566)
V-line (15654,82498) (12956,82498)
V-line (50985,44865) (53064,45479)
V-line (87115,6295) (88706,7904)
V-line (82002,64997) (82831,64299)
V-line (6517,87832) (5464,87565)
H-line (4303,40762) (4303,41459)
V-line (22813,62526) (21874,64536)
V-line (40220,10548) (38425,10548)
V-line (93112,17222) (91467,17408)
V-line (39858,44578) (38874,44578)
V-line (65238,5162) (62766,3985)
V-line (84666,46968) (84575,48104)
V-line (41282,54960) (42079,54936)
V-line (77127,2411) (74906,4428)
V-line (88253,75877) (85931,77622)
V-line (65598,98090) (64346,98887)
V-line (73605,35369) (76472,33762)
V-line (51272,96356) (44366,81531)
V-line (42230,27542) (41666,27197)
V-line (45492,48279) (45830,47131)
H-line (14763,65929) (14763,66485)
V-line (88477,53032) (88590,52989)
H-line (47373,44635) (47373,43367)
V-line (62691,36646) (63537,38841)
V-line (77725,3010) (77127,2411)
V-line (98955,55090) (99771,56245)
H-line (22748,85385) (22748,84347)
V-line (3311,80787) (4350,81179)
V-line (38824,97689) (39283,95608)
V-line (2067,43566) (1960,41566)
H-line (73230,64720) (73230,66306)
V-line (42720,67064) (40454,66054)
V-line (3311,81179) (69,84820)
V-line (39079,87516) (47585,58087)
V-line (26607,11114) (28370,9767)
V-line (19587,58431) (21570,59485)
V-line (74476,28844) (76253,26512)
V-line (13022,24639) (12474,23626)
V-line (67825,90360) (69880,92363)
V-line (63932,63359) (62467,63359)
V-line (93143,60985) (94774,62239)
V-line (19642,34308) (19605,33875)
V-line (63537,38841) (62938,40307)
H-line (15054,4229) (15054,2221)
H-line (35915,18402) (35915,17014)
V-line (60026,10117) (60139,9145)
V-line (82928,5051) (83321,593)
V-line (91786,98720) (91551,99742)
V-line (1960,40762) (1766,39137)
V-line (59528,46248) (57829,46488)
V-line (46857,95728) (48904,95752)
V-line (4303,41459) (5973,41509)
V-line (22294,34799) (22264,34799)
V-line (13073,61529) (65136,92144)
V-line (27499,44686) (27162,43955)
V-line (54182,39980) (55504,38288)
V-line (22596,92508) (22546,91461)
V-line (88414,85484) (88515,85484)
V-line (60972,36646) (31768,3570)
H-line (4057,69584) (4057,67683)
V-line (21874,64536) (20584,64197)
V-line (92108,21774) (93180,20257)
V-line (66579,85692) (64790,84731)
V-line (36794,82247) (36351,82908)
V-line (78254,45667) (40220,10533)
V-line (29574,3876) (29396,5477)
H-line (6285,52904) (6285,51721)
V-line (46034,27950) (46986,28549)
V-line (3621,28453) (2872,28474)
V-line (38568,45005) (37046,46386)
V-line (62114,58063) (88782,92550)
V-line (83385,11328) (84675,11328)
V-line (85165,71476) (84011,73190)
V-line (96526,14063) (96813,15779)
V-line (93817,14914) (93112,17222)
V-line (99121,28511) (99814,30049)
V-line (79624,91173) (81419,92994)
H-line (50306,60798) (50306,62562)
V-line (96831,56245) (77725,3010)
V-line (60041,18450) (61822,17946)
V-line (12616,91301) (13543,91219)
H-line (23423,21336) (23423,19828)
H-line (59292,70908) (59292,70409)
H-line (64729,62295) (64729,62165)
V-line (15054,2221) (15236,1775)
V-line (7991,1715) (8551,4018)
V-line (14636,8682) (10677,9578)
V-line (14987,94688) (15346,94688)
V-line (81419,91173) (99121,28511)
V-line (27699,92182) (26819,92233)
V-line (25001,72429) (45734,26633)
V-line (22034,40281) (22282,43505)
V-line (21462,88770) (19627,88941)
V-line (22354,13865) (22419,13705)
V-line (64729,62295) (91951,84242)
V-line (30650,21096) (31651,21846)
V-line (92670,57166) (91813,55074)
H-line (58026,51184) (58026,51105)
V-line (39575,21866) (41835,22755)
V-line (13803,58216) (13270,57071)
V-line (24714,23071) (24531,21822)
V-line (61713,33277) (61089,35208)
V-line (46857,95728) (47752,92788)
V-line (45830,47131) (46249,46873)
V-line (43376,32128) (37651,89420)
V-line (36794,82247) (39107,83385)
V-line (34690,77741) (32406,77741)
V-line (41156,54028) (43243,52033)
V-line (67725,66956) (66682,65662)
V-line (65508,74718) (65738,74985)
V-line (65082,13741) (66256,13741)
V-line (94937,59084) (96831,58069)
V-line (66015,56423) (68815,54857)
V-line (10073,28990) (9175,27003)
H-line (77613,43009) (77613,38797)
V-line (3354,18496) (426,18496)
V-line (75655,78544) (76971,77868)
V-line (69881,23627) (70056,24724)
V-line (70322,14760) (70656,16305)
V-line (69936,5162) (71597,8307)
H-line (5726,25394) (5726,27056)
H-line (8045,39847) (8045,38132)
V-line (4057,67683) (4798,67640)
V-line (6696,87963) (6517,87832)
V-line (47308,86880) (49654,88608)
V-line (78245,13546) (79170,15911)
V-line (540,75015) (2349,76001)
V-line (91778,89588) (90332,87517)
V-line (28371,98585) (30859,99507)
V-line (29641,23814) (30872,24824)
V-line (40660,29145) (38305,31298)
V-line (60467,15046) (59672,15276)
V-line (88477,52989) (9166,29728)
V-line (55828,94249) (56352,96174)
V-line (45734,26633) (46034,27950)
V-line (21874,64536) (20834,68112)
V-line (72983,28879) (71358,28879)
V-line (45734,27950) (22596,92508)
V-line (11257,43744) (12871,45465)
H-line (80341,64346) (80341,62525)
V-line (32486,58591) (34073,59511)
V-line (93117,54053) (94788,52775)
V-line (51892,84091) (51864,85121)
V-line (56352,96174) (56644,99075)
V-line (86338,87318) (84628,87516)
V-line (38957,39800) (40251,39285)
V-line (17702,99812) (18814,99923)
V-line (70190,42315) (70914,44333)
V-line (30898,26739) (29652,27266)
H-line (40507,75334) (40507,75686)
V-line (48416,16717) (71568,61341)
V-line (61381,41946) (60150,42927)
V-line (6718,97789) (6572,99098)
V-line (34815,21307) (35435,19443)
V-line (43376,32128) (44563,32128)
V-line (98642,96772) (98321,94989)
V-line (8517,92041) (7991,93109)
V-line (15236,2221) (64116,59856)
V-line (79142,22082) (78230,20760)
V-line (74840,79168) (75283,79211)
V-line (22354,13865) (24628,15535)
V-line (32531,40906) (34848,43442)
V-line (15441,6292) (15458,5762)
V-line (2067,45458) (4127,45110)
V-line (49573,44635) (49381,44635)
V-line (35435,19443) (37148,20949)
V-line (22419,13705) (22328,13650)
V-line (63911,31814) (63876,28901)
V-line (89407,46425) (12748,15664)
V-line (65189,72267) (64696,73664)
V-line (46563,77950) (47792,79369)
V-line (67850,72267) (68653,72136)
V-line (88508,32769) (88831,32769)
V-line (47294,83373) (48344,83413)
V-line (70322,16305) (69881,23627)
V-line (64423,93379) (62624,94509)
V-line (56262,10732) (55514,13825)
V-line (37022,70973) (37951,70973)
V-line (20196,58431) (19587,58431)
V-line (31065,71004) (32435,68968)
V-line (2372,71039) (3066,69584)
V-line (7205,25394) (6270,25394)
V-line (97913,72389) (99586,70146)
V-line (70360,10728) (70647,12335)
V-line (744,51972) (2162,51696)
V-line (41314,63322) (85999,66307)
V-line (4057,69584) (31065,71004)
V-line (38957,39285) (38443,36248)
V-line (5151,3139) (3773,3139)
V-line (18253,75537) (19662,73654)
V-line (44366,81531) (43118,82286)
V-line (8137,15942) (68163,98633)
V-line (12474,23626) (12463,22466)
V-line (70732,30207) (69606,32051)
H-line (97249,16926) (97249,18393)
V-line (15236,1775) (17371,315)
V-line (86430,39400) (87977,39993)
V-line (43192,87564) (42062,87564)
V-line (29652,29061) (26492,29061)
V-line (17104,27944) (16251,28654)
H-line (97109,18393) (97109,18602)
V-line (95533,29430) (94961,28175)
V-line (90807,51515) (89606,49756)
V-line (65094,92144) (64423,93379)
V-line (54106,437) (52895,437)
V-line (83045,12475) (83385,12366)
V-line (84587,68188) (82724,67900)
V-line (10095,93328) (10999,95187)
V-line (7382,95113) (6718,96957)
V-line (40454,3968) (43590,3968)
V-line (17020,77314) (15350,77314)
V-line (19466,5597) (20635,3328)
V-line (16734,80268) (17307,79049)
V-line (7788,57961) (7244,60151)
V-line (8045,38132) (8111,39847)
V-line (87252,4919) (88806,5220)
V-line (54106,437) (58449,119)
V-line (33585,71004) (49747,48055)
V-line (49376,30942) (49876,30523)
V-line (60041,18450) (57786,19123)
V-line (29675,57784) (30960,57523)
V-line (29652,29061) (31489,30036)
V-line (40501,42531) (41775,42488)
H-line (41576,66054) (41576,64845)
V-line (17020,77314) (39445,1518)
V-line (84587,68188) (85165,71148)
V-line (92680,8447) (95184,5801)
V-line (72983,28879) (74476,28844)
V-line (442,97309) (1202,98072)
V-line (88706,7904) (88995,9313)
V-line (49181,79244) (54271,77801)
V-line (32044,11426) (30886,12720)
V-line (77014,94753) (77921,96985)
H-line (77127,45713) (77127,44149)
V-line (43243,52033) (43860,51265)
V-line (78339,92267) (79624,91173)
V-line (25777,13730) (25140,11114)
V-line (36827,65703) (37561,66915)
V-line (70046,78842) (69954,79137)
V-line (30872,24824) (31760,25752)
V-line (97697,16762) (97008,16926)
V-line (31573,80101) (96900,92192)
V-line (37677,87516) (39079,87728)
H-line (21036,88770) (21036,40281)
V-line (3159,10748) (2152,10032)
V-line (84675,13036) (65947,56423)
V-line (24714,22901) (4185,13185)
H-line (85495,95336) (85495,98458)
V-line (25861,80403) (26522,78974)
V-line (42038,70383) (42607,70383)
V-line (30650,21096) (30239,22232)
V-line (76104,55379) (77908,55379)
V-line (50523,16909) (49698,15469)
V-line (19822,35576) (22294,36004)
V-line (69198,61302) (10959,70406)
V-line (79782,8220) (78108,7967)
V-line (1516,91804) (3684,91360)
V-line (18450,40281) (16511,42763)
V-line (94428,38524) (95440,37548)
H-line (83045,12475) (83045,13944)
V-line (64876,65817) (63932,65344)
V-line (67366,85692) (70367,84469)
V-line (82596,72400) (78529,72214)
V-line (46238,32128) (82928,5051)
V-line (51233,24412) (51188,25535)
V-line (90959,96370) (91786,97779)
V-line (9132,24408) (64119,69694)
V-line (53111,29006) (53158,30169)
V-line (206,94632) (1516,91804)
V-line (63932,63359) (82526,12475)
V-line (35435,21307) (62211,76986)
V-line (34690,77741) (36794,82247)
V-line (43010,67382) (84699,53305)
V-line (24493,80431) (25011,80139)
V-line (8836,25695) (7205,24408)
V-line (91778,87517) (94084,87489)
V-line (91951,82829) (89752,80803)
V-line (71856,83886) (71959,84633)
V-line (68815,54857) (69370,54887)
V-line (8045,38132) (6036,36910)
V-line (95173,98720) (96774,97823)
V-line (33671,75458) (34690,77246)
V-line (84628,87516) (83869,87848)
V-line (22748,84347) (23767,85385)
V-line (96533,22557) (96005,22645)
V-line (13803,59149) (14212,58216)
V-line (95761,52143) (99632,51006)
V-line (8520,88345) (56815,84331)
H-line (4312,81179) (4312,81826)
V-line (79899,28326) (80822,27869)
H-line (22586,91461) (22586,91258)
V-line (16251,28654) (15359,28690)
V-line (90332,87517) (88414,87318)
V-line (29593,58980) (29675,57784)
V-line (61089,35208) (58557,35712)
V-line (11083,55331) (11046,55331)
V-line (49573,44865) (49887,45736)
V-line (49747,48055) (48929,50108)
V-line (38443,39285) (33585,72697)
V-line (49876,30523) (51846,29590)
V-line (96492,65719) (95342,66058)
H-line (4158,13185) (4158,11326)
H-line (17065,59461) (17065,60973)
V-line (10262,35170) (12009,37729)
V-line (60643,92832) (59152,92832)
V-line (67513,99562) (65598,98090)
V-line (206,95257) (442,97309)
V-line (25741,5303) (26781,5208)
H-line (979,55487) (979,56456)
V-line (64116,59856) (62992,59536)
V-line (8517,92041) (8520,90391)
V-line (30960,57784) (31220,58407)
V-line (36242,81708) (36127,80149)
V-line (10959,70406) (8516,69712)
H-line (69198,61302) (69198,60362)
H-line (15654,82498) (15654,80893)
V-line (43096,35636) (42772,36164)
V-line (90616,75877) (92219,76189)
V-line (15458,5597) (13490,4229)
V-line (14763,68598) (13918,72642)
V-line (10999,95187) (13413,95869)
V-line (71358,28879) (70732,30207)
V-line (11423,15664) (9530,13865)
V-line (38425,10533) (35416,10510)
V-line (71331,14247) (70322,14760)
V-line (69214,77823) (70046,78842)
V-line (6327,601) (5151,1266)
V-line (50985,43436) (53602,41279)
V-line (97566,63479) (97768,62118)
V-line (27976,65022) (27343,66966)
V-line (38957,42531) (38832,42998)
V-line (47792,81183) (47859,81604)
V-line (95536,39797) (95514,40079)
V-line (60139,9145) (57794,9004)
V-line (58896,88064) (60660,88064)
V-line (79624,91173) (81646,90425)
V-line (1349,68731) (285,68731)
V-line (21393,11202) (20632,9816)
V-line (84011,72400) (82596,72400)
V-line (14763,65929) (20326,52918)
V-line (85804,89132) (87161,90372)
V-line (47752,92312) (48113,92312)
V-line (6327,601) (7991,1715)
V-line (50450,9275) (49943,5759)
H-line (80185,78429) (80185,77287)
V-line (73605,35369) (72725,35369)
V-line (38443,36248) (36637,36937)
V-line (31489,30036) (33325,32151)
H-line (77016,92267) (77016,91119)
V-line (64876,65662) (41156,54028)
H-line (95536,39797) (95536,39154)
V-line (62624,94509) (60805,95821)
V-line (7382,96957) (7885,97789)
V-line (19466,5762) (21989,6834)
V-line (30898,27266) (70190,42315)
V-line (77978,58972) (76104,57351)
V-line (51233,24381) (49040,24217)
V-line (65947,56423) (66015,57031)
V-line (43376,31899) (42284,32311)
V-line (80764,22082) (79142,22469)
V-line (27343,66966) (25950,68219)
V-line (74813,62587) (74190,62587)
V-line (3280,10748) (5156,7516)
V-line (10262,98524) (11090,98524)
V-line (14763,66485) (14987,68598)
V-line (52956,12020) (52552,10523)
V-line (8439,29728) (7753,29709)
V-line (22294,34799) (22697,31990)
V-line (28484,44686) (27499,44686)
V-line (36117,96535) (38824,97689)
V-line (4158,13185) (3354,14929)
V-line (69370,54887) (71392,52394)
H-line (55498,56181) (55498,53759)
V-line (24628,15535) (25777,14135)
V-line (87252,4919) (86070,4919)
V-line (55514,13825) (52956,12020)
V-line (89230,28781) (89490,27147)
V-line (88782,93465) (90959,94647)
V-line (35435,19443) (34663,18402)
V-line (90807,51515) (93171,49650)
V-line (85944,63840) (87000,62076)
H-line (76526,93702) (76526,94753)
V-line (9530,15575) (8137,15575)
H-line (43096,32311) (43096,35636)
V-line (59240,97560) (60261,98272)
V-line (32361,81643) (33325,79967)
V-line (28338,22373) (29553,21069)
V-line (31002,88079) (32361,85052)
V-line (74128,71153) (74829,74490)
H-line (99187,73594) (99187,77251)
V-line (94788,52775) (95761,52143)
V-line (5464,87565) (5624,85252)
V-line (96526,14063) (95642,12935)
H-line (79899,28326) (79899,30305)
V-line (29835,89626) (31337,89422)
V-line (97109,18602) (96308,18338)
V-line (68653,72136) (67850,72834)
V-line (28650,76565) (29443,75988)
V-line (2372,72539) (4761,72539)
V-line (28142,64571) (27976,65022)
V-line (71568,61341) (70812,61302)
V-line (41720,17782) (44990,16717)
V-line (98321,94989) (98723,93703)
V-line (1516,91804) (1769,89904)
H-line (68194,16282) (68194,17308)
V-line (66682,65138) (67156,63955)
V-line (84628,87516) (85804,89132)
V-line (47859,81446) (49207,81446)
V-line (47373,44635) (2067,45458)
V-line (28281,34210) (28104,33405)
V-line (53056,24381) (51233,24412)
V-line (51275,35435) (51743,35435)
V-line (13413,95869) (13598,97538)
H-line (11423,15664) (11423,18359)
V-line (84468,37914) (86430,39400)
V-line (97913,72389) (99733,73594)
H-line (17054,44300) (17054,44723)
V-line (88831,32769) (90311,32129)
V-line (54147,90616) (54779,92081)
H-line (22034,40281) (22034,39325)
V-line (25029,5303) (25741,5542)
V-line (4158,11545) (3280,11545)
V-line (95511,68883) (94674,68840)
V-line (69606,31869) (92992,13093)
V-line (29553,21069) (30650,21096)
V-line (64346,98235) (62850,98235)
V-line (62349,14593) (61860,14593)
H-line (33671,73403) (33671,75458)
V-line (27499,44686) (28484,45094)
V-line (92992,13093) (93817,14914)
V-line (2152,10032) (846,9902)
V-line (82659,9498) (88508,34252)
V-line (70046,78842) (70978,78819)
V-line (66781,28167) (66382,25757)
V-line (87115,6295) (87252,4768)
V-line (96831,56245) (65082,12994)
V-line (9386,86398) (10310,84714)
V-line (24531,21822) (24539,21336)
V-line (69606,32051) (69906,33883)
H-line (50781,17774) (50781,16909)
V-line (70647,12335) (71331,13632)
V-line (79380,62525) (15144,49543)
V-line (43860,51265) (44577,48815)
V-line (2067,47591) (25001,73061)
H-line (10262,98524) (10262,35170)
V-line (88954,26481) (87975,27460)
V-line (62624,94509) (61425,92835)
V-line (63911,33277) (61713,32403)
V-line (70914,44333) (71655,44447)
V-line (31651,22833) (58160,58907)
V-line (48913,38796) (49215,39594)
V-line (89300,77880) (88253,75877)
V-line (41813,28616) (40660,29145)
V-line (30964,44017) (97213,10567)
V-line (80341,62525) (79380,64346)
V-line (42720,67064) (43828,67064)
V-line (77549,61962) (77978,58972)
H-line (16607,21480) (16607,22556)
H-line (7788,56518) (7788,57961)
V-line (10262,35170) (11969,34402)
V-line (9118,97789) (9483,99945)
H-line (61862,69694) (61862,70908)
V-line (8836,24408) (9132,23575)
V-line (2717,80233) (3311,80787)
V-line (5151,3139) (68022,77823)
V-line (53267,32992) (56047,33589)
V-line (17054,44723) (17417,44300)
V-line (10147,72956) (9466,74430)
V-line (92108,21774) (89797,23031)
V-line (2372,69584) (1349,69178)
H-line (87378,43267) (87378,45177)
V-line (36794,82247) (36242,81708)
V-line (3562,51696) (4149,52849)
V-line (5726,27056) (4264,28289)
V-line (25777,14135) (27162,16234)
V-line (61089,35208) (62691,36646)
V-line (30772,41973) (32531,40906)
V-line (25014,57684) (23906,58015)
V-line (80822,27869) (80833,27218)
V-line (36827,65208) (38803,65208)
V-line (22328,13650) (21393,11202)
V-line (98955,55090) (98797,55163)
V-line (71597,8264) (71854,8264)
H-line (29593,58980) (29593,61652)
V-line (49376,30942) (47647,30942)
V-line (28281,34210) (30830,35025)
V-line (75071,64720) (76119,67072)
V-line (15795,80893) (16734,80268)
V-line (36637,36937) (36273,37350)
V-line (26235,64019) (24910,63436)
V-line (11083,55331) (69936,3953)
V-line (19381,15803) (16434,18819)
V-line (45732,40340) (44859,40340)
V-line (76253,26512) (76835,25693)
H-line (83910,32927) (83910,31990)
V-line (88806,5220) (90901,5304)
V-line (45076,90390) (43192,89698)
V-line (61860,14643) (60467,15046)
V-line (13543,91219) (14314,90060)
V-line (77549,62539) (76698,61962)
H-line (37354,21000) (37354,23880)
V-line (12748,15664) (13339,13473)
V-line (58886,58907) (90952,46425)
V-line (44577,48279) (10093,43578)
V-line (50781,17774) (83776,35003)
V-line (5582,52904) (7014,53712)
H-line (38957,42531) (38957,39800)
V-line (87924,737) (88884,168)
H-line (96492,63479) (96492,65719)
V-line (25011,80139) (25861,80403)
H-line (97709,16301) (97709,16762)
V-line (83743,59119) (85707,57253)
V-line (24678,63436) (22813,62526)
V-line (71063,37142) (72299,37127)
H-line (68938,66956) (68938,65350)
V-line (4664,45110) (15441,6292)
H-line (89230,92550) (89230,28781)
V-line (41156,54960) (36117,96535)
V-line (29553,22373) (75206,46210)
V-line (71568,63840) (40113,75334)
V-line (95359,62647) (97566,63479)
V-line (43860,51265) (45399,52875)
V-line (95173,97823) (3279,34283)
V-line (51272,97567) (53043,99771)
V-line (26781,5477) (2,95257)
V-line (79899,28326) (96526,14063)
V-line (51275,35435) (28371,98585)
V-line (71392,52394) (71316,51184)
V-line (60150,42927) (61111,43615)
V-line (4127,45110) (4664,46401)
V-line (24539,21336) (25317,20105)
V-line (70322,14548) (69045,14548)
V-line (84575,46968) (65238,5162)
V-line (24531,23071) (11083,56797)
V-line (68986,66956) (67725,67548)
V-line (31086,80290) (32131,81643)
V-line (31573,77741) (31027,77530)
V-line (64696,72267) (34518,50658)
V-line (13490,4229) (11813,3913)
V-line (64784,28901) (66781,28167)
V-line (97566,63479) (99170,63308)
V-line (44074,27542) (42230,27542)
H-line (78245,11217) (78245,13546)
V-line (94382,56411) (95078,55709)
V-line (77921,96985) (73514,99742)
V-line (1202,98072) (2110,98831)
V-line (36712,71156) (36200,71156)
V-line (32876,17790) (29731,17790)
V-line (94382,56411) (92670,57166)
V-line (93143,60395) (90939,60395)
H-line (24714,22901) (24714,23071)
V-line (40296,71693) (42038,72093)
V-line (15346,94688) (16953,92908)
V-line (21852,44193) (22751,45119)
V-line (95184,5801) (96822,5885)
V-line (90097,10851) (89638,12344)
V-line (69606,31869) (69193,31869)
V-line (54446,63790) (56238,63790)
V-line (63932,65817) (61767,67669)
H-line (19499,51835) (19499,51633)
V-line (80764,22082) (83763,21610)
V-line (67377,36431) (66817,36315)
H-line (9118,97789) (9118,96548)
V-line (83385,11328) (54106,1788)
V-line (53064,45479) (53715,45045)
V-line (76971,78429) (78536,78429)
H-line (84468,35003) (84468,36926)
V-line (51033,19736) (50523,17774)
V-line (29012,89075) (29835,89626)
V-line (77127,44149) (79245,43009)
V-line (96072,68883) (95511,68883)
V-line (70978,78819) (71705,81056)
V-line (17721,28312) (17104,27944)
V-line (70360,10579) (44847,95224)
H-line (11965,61529) (11965,64346)
V-line (44847,95224) (46857,95728)
V-line (3354,14929) (2308,13674)
V-line (31214,10836) (32044,11426)
V-line (25029,4049) (26575,2502)
V-line (31086,80290) (29567,80290)
H-line (63899,23645) (63899,24455)
V-line (74813,62587) (75071,64720)
V-line (62882,40808) (61381,41946)
V-line (98723,92192) (98846,91216)
V-line (31027,77530) (31573,78091)
V-line (66285,86777) (50577,43436)
V-line (63899,23645) (63326,22283)
V-line (17135,80431) (24493,80431)
V-line (36794,82908) (66579,85692)
V-line (75283,79168) (75655,78544)
V-line (50013,39594) (50038,38864)
V-line (88590,52989) (90624,52347)
V-line (68986,38094) (68891,39020)
V-line (77921,96985) (80125,95466)
H-line (57874,29159) (57874,26044)
V-line (1349,68731) (92108,21774)
V-line (50347,65664) (50499,67179)
V-line (2872,28453) (2846,28233)
V-line (26575,2502) (25478,1692)
V-line (36326,72951) (35801,73403)
V-line (81646,87848) (79783,86379)
V-line (17065,60973) (16839,59461)
V-line (25930,58980) (25014,57684)
H-line (39892,83385) (39892,91593)
H-line (43376,31332) (43376,31899)
V-line (87116,93465) (86489,93415)
V-line (88782,93465) (87116,93465)
V-line (61510,58063) (62114,56007)
V-line (31220,58407) (32486,58591)
V-line (67366,88488) (67825,90360)
V-line (979,58608) (988,59933)
V-line (28058,51487) (28486,51487)
V-line (43376,31899) (43464,31332)
V-line (97070,68559) (96072,68942)
V-line (51275,32992) (49376,31874)
V-line (59037,29885) (58697,29159)
V-line (17307,77435) (18253,75537)
V-line (87977,41698) (88621,43267)
V-line (50985,44865) (49573,44865)
V-line (53101,91780) (51212,92950)
V-line (92670,55074) (93117,54053)
V-line (65738,77823) (2717,80233)
H-line (47518,79369) (47518,81183)
V-line (53907,94249) (52592,96356)
V-line (38488,21000) (39774,20417)
V-line (2716,41566) (3069,40762)
V-line (99814,30049) (96702,31555)
V-line (11083,56797) (8602,56518)
V-line (77725,3010) (79240,4674)
V-line (42230,27542) (41813,28616)
V-line (39445,1518) (36548,510)
V-line (99187,73594) (74128,71153)
V-line (92219,76189) (92399,79101)
V-line (30370,44017) (30772,41973)
V-line (28371,98585) (23966,98336)
V-line (22751,44193) (51275,33435)
V-line (53919,53072) (52389,53992)
V-line (12748,15664) (13668,16260)
V-line (36351,82908) (35175,82612)
V-line (23423,21336) (12616,91301)
V-line (31086,78091) (19381,15685)
V-line (49698,15469) (48416,16083)
H-line (47241,75567) (47241,73370)
V-line (89490,27147) (88954,26481)
V-line (95533,29430) (94396,30767)
V-line (61111,44750) (71449,47297)
V-line (2349,75015) (31277,45577)
V-line (21036,40281) (18450,40029)
H-line (24678,63436) (24678,65575)
V-line (6517,87565) (82002,64997)
V-line (64784,31814) (63911,33277)
V-line (97709,16301) (98432,16301)
V-line (4264,28289) (3621,28453)
V-line (45732,37529) (48913,38796)
V-line (13073,61529) (11065,61529)
V-line (46249,46873) (46449,46799)
V-line (32523,89422) (77215,11217)
V-line (62938,40307) (62882,40808)
V-line (85999,67885) (84587,68188)
V-line (83286,95380) (83641,95336)
V-line (71854,8307) (98955,55090)
V-line (25738,73061) (42633,46585)
V-line (17307,79049) (17020,77435)
H-line (86614,39993) (86614,41698)
V-line (42720,67382) (43010,68616)
V-line (21989,6834) (23047,6922)
V-line (16607,22556) (18245,21480)
V-line (38488,21000) (39575,21866)
V-line (67366,86777) (66285,88488)
V-line (77016,92267) (77014,93702)
V-line (66382,25757) (66369,23463)
H-line (40501,63322) (40501,43584)
V-line (29835,89075) (51033,19736)
V-line (13803,58216) (744,51972)
V-line (87252,4768) (87924,737)
H-line (47308,85688) (47308,86880)
H-line (55828,94249) (55828,89941)
V-line (32523,89856) (33465,89200)
V-line (70360,10579) (67377,36431)
H-line (30898,25752) (30898,26739)
V-line (4149,52849) (5047,53946)
V-line (50038,38864) (50013,39644)
H-line (91778,84242) (91778,89588)
V-line (62992,59536) (61510,58063)
V-line (95536,39154) (94428,38524)
V-line (50306,62562) (51765,60798)
V-line (66369,23645) (78339,92267)
V-line (21852,44193) (20734,45724)
H-line (12003,37729) (12003,37831)
V-line (96813,15779) (97697,16279)
V-line (38874,44578) (38568,45005)
V-line (3280,11326) (3159,10748)
V-line (52389,53992) (51299,52976)
V-line (99908,36937) (99948,35028)
V-line (90952,46425) (89407,47199)
V-line (62553,11379) (61767,10806)
V-line (20632,9816) (17497,11781)
V-line (52552,10523) (50450,9275)
V-line (43880,95224) (17721,28312)
V-line (85912,26919) (83690,28502)
V-line (25861,80139) (83188,51807)
V-line (74574,84633) (89300,77880)
V-line (45734,26633) (44074,26386)
V-line (25001,73061) (23604,72429)
V-line (29574,5477) (80569,21301)
V-line (88508,34517) (88709,35490)
V-line (79782,8220) (82659,8220)
V-line (44563,32128) (46238,33958)
V-line (79380,64346) (77549,62539)
V-line (15458,6292) (68986,66956)
V-line (27499,44686) (26090,47105)
V-line (11257,43587) (94115,43587)
V-line (58160,58907) (58886,60917)
H-line (69214,77823) (69214,76608)
V-line (5047,53946) (5582,52904)
V-line (16251,28690) (21462,88770)
V-line (17721,28312) (21063,27114)
V-line (66682,65662) (66650,65138)
H-line (53500,45045) (53500,6607)
H-line (53919,53072) (53919,50422)
V-line (25930,58980) (27908,58980)
V-line (87975,26919) (85912,26919)
V-line (71449,47297) (67201,48502)
V-line (61111,43615) (60877,44750)
V-line (12871,45465) (11041,46215)
V-line (29675,57784) (28058,53483)
V-line (94428,38525) (93321,38525)
V-line (99586,69669) (97070,68559)
V-line (50985,45479) (15795,82636)
V-line (14212,57071) (45167,21377)
V-line (49207,81604) (51892,82981)
V-line (10257,71690) (10147,72956)
V-line (9709,93328) (10095,93150)
V-line (61767,65344) (54446,63596)
V-line (97213,10567) (99757,8365)
V-line (30964,45517) (30370,44017)
V-line (68194,17308) (67346,16282)
V-line (71316,51184) (70937,50899)
V-line (97697,16301) (64784,31814)
V-line (12136,91305) (12001,92178)
H-line (94382,59084) (94382,56411)
H-line (45661,86880) (45661,87703)
V-line (45661,86734) (94937,59084)
V-line (57794,9004) (56262,10732)
V-line (4303,40762) (41720,17782)
V-line (31888,96850) (32109,93613)
V-line (988,59933) (763,58608)
V-line (67637,10728) (66569,10859)
V-line (51033,19736) (51758,21015)
V-line (90624,52347) (90807,51515)
V-line (43166,37529) (45732,37529)
V-line (96702,31555) (95533,29430)
V-line (54446,63596) (53811,66470)
V-line (81243,34947) (80329,34947)
V-line (89230,27147) (14636,8682)
V-line (25111,24255) (27125,25370)
V-line (66285,88488) (65094,89139)
V-line (67513,99273) (13073,60031)
H-line (48223,83413) (48223,85688)
V-line (83257,64299) (87115,6295)
V-line (27699,89576) (19822,35576)
V-line (97595,39506) (99908,36937)
V-line (91951,82829) (94184,82829)
V-line (63009,62295) (64148,62295)
V-line (20326,52918) (20196,54955)
V-line (11965,64346) (13810,65929)
V-line (9175,26601) (8836,25695)
V-line (94774,62239) (95359,62647)
V-line (30960,58407) (8517,92041)
V-line (96165,39797) (97595,39506)
V-line (1960,41566) (723,41072)
V-line (66682,65662) (64876,65817)
V-line (47241,75567) (46563,77950)
V-line (40220,10548) (42200,11138)
V-line (78254,45713) (79990,45667)
V-line (70914,44447) (17434,99812)
V-line (80329,34947) (81243,33694)
V-line (54147,90616) (53101,91780)
V-line (34663,18402) (32876,17250)
V-line (55498,53759) (54075,53072)
V-line (85999,67885) (88557,67885)
V-line (36117,96535) (35353,97394)
V-line (11041,46215) (9933,47065)
H-line (60041,15276) (60041,18450)
V-line (40113,75334) (39106,73988)
V-line (58160,58907) (57956,56181)
V-line (31651,21846) (31413,22833)
V-line (24493,80431) (21999,77976)
V-line (16734,80551) (17135,80551)
V-line (4185,13185) (5467,13477)
V-line (42038,70383) (26219,22901)
V-line (30239,22232) (29641,23814)
V-line (56815,84331) (56595,82742)
V-line (14314,90060) (15594,89471)
V-line (99586,69669) (99992,69669)
V-line (58734,85407) (58896,88550)
V-line (39774,21000) (53907,94249)
V-line (83257,64299) (85944,63840)
V-line (40271,63322) (41314,62337)
V-line (34690,77741) (98642,96772)
V-line (36712,71320) (36326,72951)
V-line (51864,85121) (52954,84091)
V-line (12616,91301) (12136,91305)
V-line (63876,28901) (62067,29271)
V-line (70367,84469) (71856,83886)
V-line (59672,15276) (59100,14427)
V-line (7722,88345) (6787,88741)
V-line (36242,80149) (38242,79735)
V-line (74128,71153) (71483,70188)
V-line (85165,71148) (85558,71476)
V-line (40501,43584) (39858,44454)
V-line (61767,10806) (60026,10117)
V-line (54446,63596) (55056,62322)
V-line (90959,94647) (90309,96370)
V-line (23047,6834) (24659,5303)
V-line (94382,59084) (93143,60985)
V-line (77127,45713) (78254,46097)
V-line (45661,87703) (45076,90390)
V-line (53056,24381) (53754,23496)
V-line (37148,23880) (36013,25610)
V-line (7991,93109) (7382,95113)
V-line (58697,29885) (56390,30522)
V-line (2,95257) (206,94632)
V-line (10959,70406) (10257,71690)
V-line (80125,95466) (81172,95815)
V-line (43096,36164) (43166,37382)
V-line (57786,19123) (56622,19544)
H-line (37022,70905) (37022,70973)
V-line (45563,86734) (45661,86880)
H-line (29835,89626) (29835,89075)
V-line (14555,87047) (15808,87047)
H-line (64696,73664) (64696,72267)
H-line (87544,34517) (87544,34252)
V-line (31573,78091) (31086,78091)
H-line (31086,80101) (31086,80290)
H-line (44577,48815) (44577,48279)
H-line (29443,75988) (29443,76565)
H-line (74813,62473) (74813,62587)
V-line (1114,55487) (979,55487)
H-line (59627,30126) (59627,29885)
H-line (42511,97077) (42511,96966)
V-line (47946,75567) (47241,75567)
V-line (57259,85407) (58734,85407)
H-line (8520,90391) (8520,88345)
H-line (35435,19443) (35435,21307)
H-line (39107,83385) (39107,82169)
H-line (57259,85407) (57259,84714)
V-line (286,54567) (1114,54567)
V-line (14212,58216) (13803,58216)
H-line (67513,99562) (67513,99273)
H-line (8137,15575) (8137,15942)
H-line (71705,81056) (71705,79168)
V-line (13598,97538) (17702,97538)
H-line (90616,74022) (90616,75877)
H-line (36827,65703) (36827,65208)
H-line (86338,87145) (86338,87318)
H-line (60643,91895) (60643,92832)
V-line (19440,51835) (19499,51835)
V-line (52389,53992) (50749,54766)
V-line (96165,39797) (95536,39797)
H-line (22751,45119) (22751,44193)
H-line (73632,43328) (73632,45593)
H-line (29553,21069) (29553,22373)
V-line (74190,62587) (72781,62587)
H-line (50985,44386) (50985,44865)
H-line (66285,88488) (66285,86777)
H-line (67366,86777) (67366,85692)
H-line (39064,69589) (39064,70973)
H-line (3562,51581) (3562,51696)
H-line (2067,45458) (2067,47591)
V-line (28713,89576) (27699,89576)
V-line (62766,3985) (62518,3985)
H-line (41156,54028) (41156,54960)
V-line (47859,81604) (47294,81604)
H-line (30370,44017) (30370,45517)
H-line (2349,76001) (2349,75015)
H-line (36229,14651) (36229,14805)
H-line (83257,64371) (83257,64299)
H-line (42200,11138) (42200,11626)
V-line (24628,15535) (22354,15535)
V-line (2293,73752) (2372,72539)
H-line (25930,59927) (25930,58980)
H-line (84675,11328) (84675,13036)
H-line (12474,23626) (12474,24639)
V-line (84772,32927) (83910,32927)
V-line (7007,49450) (6285,49450)
V-line (76847,45713) (77127,45713)
H-line (19466,5597) (19466,5762)
H-line (53919,50422) (53919,48179)
H-line (88382,40004) (88382,40110)
H-line (36712,71320) (36712,71156)
V-line (84356,37914) (84468,37914)
V-line (26607,13730) (25777,13730)
H-line (63009,62191) (63009,62295)
V-line (23112,38890) (22294,38890)
H-line (8439,30119) (8439,29728)
V-line (94674,68840) (92184,68840)
H-line (73605,36199) (73605,35369)
H-line (76181,85130) (76181,85699)
H-line (39079,87728) (39079,87516)
V-line (88590,52989) (88477,52989)
H-line (43010,68616) (43010,67382)
H-line (42720,67382) (42720,67064)
V-line (29396,5477) (29574,5477)
V-line (62691,36646) (60972,36646)
V-line (39652,42531) (38957,42531)
H-line (72983,30363) (72983,28879)
V-line (46563,77950) (44562,75914)
H-line (79782,9498) (79782,11650)
H-line (79782,9498) (79782,8220)
V-line (31337,89422) (32523,89422)
H-line (88382,40004) (88382,40110)
V-line (43880,96966) (42511,96966)
H-line (70360,10449) (70360,10579)
V-line (78982,28326) (79899,28326)
V-line (53111,29006) (51846,29006)
V-line (65110,23645) (63899,23645)
H-line (70360,10449) (70360,10579)
H-line (70360,10449) (70360,10728)
H-line (62349,14643) (62349,14593)
V-line (2716,43566) (2067,43566)
H-line (50985,44386) (50985,45479)
V-line (88995,9313) (88706,9313)
H-line (83257,64371) (83257,64299)
H-line (6517,87832) (6517,87565)
H-line (38425,10548) (38425,10533)
V-line (62766,3985) (62518,3985)
V-line (84666,46968) (84575,46968)
V-line (41282,54960) (42079,54960)
V-line (88253,75877) (85931,75877)
H-line (64346,98887) (64346,98235)
H-line (96831,58069) (96831,56245)
H-line (23767,85385) (23767,84347)
V-line (4350,81179) (4312,81179)
H-line (39283,95608) (39283,97077)
V-line (1960,41566) (2716,41566)
V-line (75071,64720) (73230,64720)
V-line (40454,66054) (41576,66054)
V-line (50803,56961) (48872,58087)
V-line (25140,11114) (28370,10836)
H-line (21570,59485) (21570,58431)
V-line (74476,28844) (76253,28326)
V-line (63932,65344) (63009,63359)
H-line (62938,40307) (62938,38841)
V-line (13490,4229) (15054,4229)
H-line (35915,17014) (35915,14651)
H-line (57794,9004) (57794,9145)
H-line (5973,41509) (5973,41459)
V-line (22264,34799) (22294,34799)
V-line (65136,92144) (65094,92144)
V-line (22546,91461) (22586,91461)
H-line (88414,87318) (88414,85484)
V-line (93180,20257) (93112,20257)
H-line (64790,84731) (64790,80801)
H-line (36794,82247) (36794,82908)
V-line (40220,10533) (39687,10533)
H-line (40220,10533) (40220,10548)
V-line (26781,5208) (29396,5208)
H-line (2872,28474) (2872,28453)
H-line (88782,92550) (88782,93465)
V-line (83385,12366) (84675,12366)
H-line (84011,73190) (84011,72400)
V-line (93180,20257) (93112,17408)
H-line (96702,31555) (96702,30049)
V-line (79624,91173) (81419,91173)
V-line (51765,60798) (50347,62562)
V-line (24539,21336) (23423,21336)
V-line (15054,2221) (15236,2221)
V-line (14636,8682) (10677,8682)
V-line (46034,27950) (45734,27950)
V-line (21462,88770) (21036,88770)
H-line (90332,87517) (90332,84242)
H-line (91951,84242) (91951,82829)
H-line (31651,21846) (31651,21307)
V-line (91813,55074) (92670,55074)
H-line (14212,58216) (14212,57071)
V-line (24714,23071) (24531,23071)
H-line (47752,92788) (47752,92312)
V-line (45830,47131) (46249,47131)
V-line (39107,83385) (39892,83385)
H-line (34690,77246) (34690,77741)
H-line (64876,65817) (64876,65662)
H-line (96831,58069) (96831,56245)
V-line (65947,56423) (68815,56423)
H-line (9175,27003) (9175,26601)
H-line (3354,14929) (3354,18496)
H-line (76971,77868) (76971,78429)
H-line (70322,14760) (70322,16305)
H-line (71597,8307) (71597,8264)
H-line (78245,13546) (78245,15911)
V-line (88414,87318) (90332,87318)
H-line (29641,23814) (29641,24824)
V-line (40660,29145) (38305,29145)
V-line (59672,15276) (60041,15276)
V-line (70732,30207) (71358,30207)
V-line (26819,92233) (22596,92233)
V-line (11041,46215) (11257,45465)
H-line (79380,64346) (79380,62525)
V-line (56352,96174) (56644,97560)
H-line (43166,37382) (43166,39285)
V-line (40251,39285) (38957,39285)
V-line (71655,44447) (70914,44447)
H-line (30898,26739) (30898,27266)
H-line (29652,27266) (29652,29061)
V-line (72781,63840) (71568,63840)
V-line (37148,20949) (35435,20949)
V-line (79142,22469) (78230,22469)
H-line (75283,79211) (75283,79168)
V-line (25777,14135) (24628,14135)
H-line (15458,5762) (15458,5597)
H-line (4664,46401) (4664,45110)
V-line (49381,44635) (47373,44635)
V-line (37148,20949) (37354,21000)
V-line (63876,28901) (64784,28901)
V-line (12748,15664) (11423,15664)
H-line (64696,73664) (64696,72267)
V-line (47792,79369) (47518,79369)
V-line (48344,83413) (48223,83413)
V-line (3066,69584) (4057,69584)
V-line (3066,69584) (2372,69584)
V-line (6270,25394) (5726,25394)
V-line (99586,70146) (97913,70146)
H-line (99586,70146) (99586,69669)
H-line (85999,66307) (85999,67885)
V-line (40251,39285) (38443,39285)
H-line (5151,1266) (5151,3139)
V-line (41396,82169) (43118,82169)
H-line (69606,32051) (69606,31869)
V-line (97249,18393) (97109,18393)
V-line (87977,39993) (86614,39993)
H-line (42062,87564) (42062,87728)
H-line (95533,29430) (95533,28175)
H-line (83385,12366) (83385,11328)
V-line (6718,96957) (7382,96957)
H-line (17020,77435) (17020,77314)
H-line (7788,57961) (7788,60151)
V-line (5973,41509) (8045,39847)
V-line (46449,46799) (49747,46799)
H-line (30960,57523) (30960,57784)
V-line (41576,64845) (40501,63322)
V-line (39445,1518) (40454,3968)
V-line (442,97309) (1202,97309)
V-line (88995,9313) (88706,9313)
H-line (26607,13730) (26607,11114)
V-line (70046,78842) (69954,78842)
V-line (31760,25752) (30898,25752)
V-line (97709,16762) (97249,16926)
V-line (96900,92192) (98723,92192)
V-line (42062,87564) (39079,87564)
V-line (21036,40281) (22034,40281)
H-line (66015,57031) (66015,56423)
V-line (4185,13185) (4158,13185)
H-line (22294,36004) (22294,34799)
V-line (79782,9498) (78108,9498)
H-line (63932,65344) (63932,63359)
H-line (63932,65344) (63932,65817)
V-line (51188,25535) (51233,25535)
H-line (91786,97779) (91786,98720)
V-line (64119,69694) (61862,69694)
V-line (82526,12475) (83045,12475)
H-line (62211,76986) (62211,76765)
V-line (84699,53305) (85707,53305)
H-line (25861,80403) (25861,80139)
H-line (7205,24408) (7205,25394)
V-line (7205,24408) (8836,24408)
V-line (91951,84242) (91778,84242)
V-line (71959,84633) (74574,84633)
H-line (95173,98720) (95173,97823)
H-line (34690,77246) (34690,77741)
H-line (83869,87848) (83869,87516)
V-line (83869,87848) (81646,87848)
V-line (21462,88770) (22748,85385)
V-line (93180,20257) (96005,22557)
V-line (14212,58216) (13803,58216)
V-line (5624,85252) (4350,81826)
V-line (15359,28690) (16251,28690)
H-line (88414,87318) (88414,85484)
H-line (11083,56797) (11083,55331)
V-line (49887,45736) (49747,45736)
H-line (33585,72697) (33585,71004)
V-line (33585,72697) (33671,73403)
V-line (95342,66058) (95511,66058)
H-line (4158,11326) (4158,11545)
V-line (12009,37729) (12003,37729)
H-line (26781,5208) (26781,5477)
H-line (8520,90391) (8520,88345)
H-line (30960,57523) (30960,58407)
V-line (36127,80149) (36242,80149)
V-line (70812,61302) (69198,61302)
V-line (15654,80893) (15795,80893)
V-line (42772,36164) (43096,36164)
V-line (15458,5762) (15054,4229)
V-line (13918,72642) (11813,70406)
V-line (13413,95869) (14987,94688)
H-line (9530,13865) (9530,15575)
H-line (70322,14760) (70322,14548)
H-line (5151,1266) (5151,3139)
H-line (53602,41279) (53602,39980)
H-line (97566,63479) (97566,62118)
V-line (47859,81604) (47294,81604)
H-line (47859,81604) (47859,81446)
V-line (56262,10732) (57794,9145)
V-line (81646,90425) (79624,90425)
V-line (20632,9816) (21393,9816)
V-line (49943,5759) (50450,6607)
V-line (43243,52033) (41282,54028)
H-line (6718,96957) (6718,97789)
V-line (7885,97789) (9118,97789)
H-line (20632,9816) (20632,6834)
H-line (76104,57351) (76104,55379)
V-line (64116,59856) (65947,57031)
V-line (42284,32311) (43096,32311)
H-line (79142,22469) (79142,22082)
H-line (9483,99945) (9483,98524)
H-line (14763,66485) (14763,68598)
H-line (22264,34799) (22264,31990)
V-line (39283,95608) (38824,95608)
H-line (3354,14929) (3354,18496)
V-line (5557,15942) (4185,14929)
H-line (69370,54887) (69370,52394)
V-line (55498,53759) (58026,51184)
V-line (52956,12020) (55514,12020)
V-line (88782,92550) (89230,92550)
V-line (34663,18402) (35915,18402)
H-line (77014,93702) (77014,94753)
V-line (42284,32311) (42772,35636)
H-line (60261,98272) (60261,98235)
V-line (32131,81643) (33325,80149)
V-line (30650,21096) (29553,21096)
H-line (32131,81643) (32131,85052)
V-line (99733,73594) (99187,73594)
H-line (5464,87565) (5464,85252)
V-line (78982,28326) (79899,28326)
V-line (97109,18602) (96308,18602)
V-line (65189,72267) (67850,72267)
V-line (31027,77530) (29443,76565)
V-line (70812,61302) (69198,61302)
H-line (48416,16083) (48416,16717)
V-line (1516,91804) (1769,91804)
H-line (49207,81446) (49207,81604)
V-line (28281,34210) (28104,34210)
H-line (51233,24412) (51233,24381)
V-line (99733,73594) (99187,73594)
H-line (17417,44300) (17417,44723)
V-line (53907,94249) (54147,92081)
V-line (24659,5303) (25741,5303)
H-line (3280,11545) (3280,11326)
H-line (93817,14914) (93817,13093)
V-line (60261,98272) (62850,98272)
H-line (61860,14593) (61860,14643)
V-line (30370,44017) (28484,44686)
H-line (93112,17222) (93112,14914)
H-line (88508,34252) (88508,32769)
H-line (88508,34252) (88508,34517)
V-line (71705,81056) (70978,78842)
H-line (87252,4768) (87252,4919)
H-line (65082,12994) (65082,13741)
H-line (65082,12994) (65082,11379)
V-line (24539,21336) (23423,21336)
H-line (50523,17774) (50523,16909)
H-line (71331,13632) (71331,14247)
V-line (12871,45465) (15144,45465)
V-line (25001,73061) (25738,73061)
H-line (87975,27460) (87975,26919)
H-line (61713,32403) (61713,33277)
H-line (71655,44447) (71655,44333)
V-line (82002,64997) (80341,64346)
H-line (76698,61962) (76698,58972)
V-line (18245,21480) (16607,22466)
V-line (9483,99945) (10262,98524)
V-line (61862,70908) (59292,70908)
V-line (7205,24408) (9132,24408)
V-line (4350,81179) (3311,81179)
V-line (68022,77823) (65738,77823)
V-line (68022,77823) (69214,77823)
V-line (56390,30522) (56047,32992)
V-line (16511,42763) (17054,44300)
H-line (1349,69178) (1349,68731)
V-line (87378,45177) (88621,45177)
V-line (62691,36646) (61089,36646)
H-line (34848,43442) (34848,40906)
V-line (40454,66054) (38803,65703)
H-line (71854,8264) (71854,8307)
V-line (27908,58980) (29593,58980)
V-line (33325,32151) (30830,34210)
H-line (16734,80268) (16734,80551)
V-line (24910,63436) (26235,63436)
V-line (24910,63436) (24678,63436)
H-line (69936,3953) (69936,5162)
H-line (16434,18819) (16434,16260)
V-line (45732,37529) (44859,37529)
H-line (43192,89698) (43192,87564)
H-line (77549,62539) (77549,61962)
V-line (37354,23880) (37148,23880)
H-line (89407,47199) (89407,46425)
H-line (11257,43744) (11257,43587)
V-line (83776,35003) (84468,35003)
H-line (8602,56518) (8602,53712)
H-line (38957,39800) (38957,42531)
V-line (26522,78974) (25861,80139)
H-line (97697,16279) (97697,16762)
H-line (84699,53305) (84699,57253)
V-line (21874,64536) (22813,63436)
H-line (15458,5762) (15458,6292)
V-line (89490,27147) (89230,27147)
V-line (40113,75334) (40507,75334)
V-line (95359,62647) (96492,63479)
H-line (206,94632) (206,95257)
H-line (60877,44750) (60877,43615)
V-line (70322,14760) (69045,14760)
H-line (11083,56797) (11083,55331)
H-line (67725,67548) (67725,66956)
V-line (32131,81643) (32361,81643)
V-line (35936,50723) (34518,50723)
V-line (13490,4229) (11813,4018)
V-line (63876,28901) (66382,28167)
V-line (1202,98072) (1852,98831)
H-line (93143,60985) (93143,60395)
H-line (42038,72093) (42038,70383)
H-line (69606,32051) (69606,31869)
H-line (61767,67669) (61767,65344)
H-line (19499,51633) (19499,51835)
H-line (54106,1788) (54106,437)
V-line (53064,45479) (53500,45045)
V-line (78536,78429) (80185,78429)
V-line (50523,17774) (50781,17774)
H-line (29835,89626) (29835,89075)
V-line (79245,43009) (77613,43009)
H-line (71705,81056) (71705,79168)
V-line (16251,28654) (17104,28654)
V-line (44847,95224) (43880,95224)
H-line (11965,64346) (11965,64582)
V-line (25029,4049) (26575,4049)
V-line (31086,80101) (29567,80101)
V-line (75071,64720) (73230,64720)
H-line (31573,78091) (31573,80101)
V-line (32406,77741) (31573,77741)
H-line (50985,44386) (50985,43436)
V-line (50013,39644) (50038,39644)
H-line (90624,52347) (90624,52989)
V-line (68891,39020) (68986,39020)
H-line (77921,96985) (77921,95466)
H-line (50347,65664) (50347,67179)
V-line (19587,58431) (17065,59461)
V-line (23906,58015) (25014,58015)
H-line (43376,31899) (43376,32128)
V-line (61510,58063) (62114,58063)
V-line (41903,30613) (43376,31332)
H-line (96072,68942) (96072,68883)
H-line (49376,31874) (49376,30942)
V-line (58697,29159) (57874,29159)
H-line (58697,29159) (58697,29885)
V-line (86614,41698) (87378,43267)
H-line (49573,44865) (49573,44635)
V-line (53101,91780) (51212,91780)
V-line (47518,81183) (47792,81183)
H-line (51272,97567) (51272,96356)
H-line (39774,20417) (39774,21000)
V-line (3069,40762) (4303,40762)
H-line (1960,41566) (1960,40762)
V-line (95533,29430) (96702,30049)
V-line (8602,56518) (7788,56518)
V-line (79240,4674) (77725,4674)
H-line (51275,33435) (51275,35435)
V-line (53267,32992) (51275,32992)
V-line (21109,15803) (19381,15803)
H-line (88954,26481) (88954,27147)
V-line (21036,40281) (18450,40281)
H-line (97697,16279) (97697,16301)
V-line (13073,60031) (11965,61529)
V-line (46249,46873) (46449,46873)
V-line (79782,9498) (78245,11217)
V-line (83641,95336) (85495,95336)
H-line (17020,77435) (17020,77314)
H-line (17307,79049) (17307,77435)
H-line (87977,39993) (87977,41698)
V-line (42607,70383) (42720,68616)
H-line (23047,6922) (23047,6834)
V-line (16434,18819) (16607,21480)
V-line (66285,88488) (67366,88488)
V-line (77014,93702) (76526,93702)
H-line (66369,23463) (66369,23645)
H-line (66382,25757) (66382,23627)
V-line (39652,42531) (40501,42531)
H-line (54147,90616) (54147,89941)
V-line (5582,52904) (5047,52904)
V-line (49215,39594) (50013,39594)
V-line (90332,87517) (91778,87517)
H-line (94428,38524) (94428,38525)
V-line (48872,59848) (50306,60798)
V-line (78339,92267) (77016,92267)
H-line (12009,37729) (12009,37831)
V-line (97697,16279) (97709,16301)
H-line (3280,11545) (3280,10748)
V-line (89407,47199) (89606,47199)
H-line (20632,9816) (20632,10117)
V-line (17104,27944) (17721,27944)
H-line (83690,28502) (83690,27869)
H-line (44074,26386) (44074,27542)
V-line (23604,72429) (25001,72429)
V-line (80764,22082) (80569,22082)
H-line (82659,8220) (82659,9498)
V-line (44563,32128) (46238,32128)
V-line (67725,67548) (68938,66956)
V-line (27499,44686) (26090,45119)
V-line (94115,43587) (95514,43587)
V-line (58160,58907) (58886,58907)
V-line (5582,52904) (6285,52904)
V-line (7014,53712) (5582,53712)
V-line (17721,28312) (21063,28312)
H-line (66682,65662) (66682,65138)
V-line (49943,5759) (53500,5759)
H-line (54075,53072) (54075,50422)
V-line (27908,58980) (29593,58980)
H-line (85912,26919) (85912,27460)
V-line (60877,44750) (61111,44750)
V-line (11041,46215) (12871,46215)
H-line (28058,53483) (28058,51487)
V-line (96072,68942) (97070,68942)
V-line (15795,82636) (15654,82498)
H-line (10095,93150) (10095,93328)
H-line (54446,63596) (54446,63790)
V-line (30370,44017) (30964,44017)
V-line (69045,14548) (68194,16282)
H-line (71316,51184) (71316,50899)
H-line (63911,33277) (63911,31814)
V-line (45563,86734) (45661,86734)
V-line (94937,59084) (94382,59084)
H-line (979,56456) (979,58608)
H-line (45732,37529) (45732,40340)
H-line (65094,89139) (65094,88488)
H-line (13073,60031) (13073,61529)
V-line (48223,85688) (47308,85688)
V-line (64148,62295) (64729,62295)
H-line (20196,54955) (20196,58431)
V-line (13810,65929) (14763,65929)
H-line (1960,41566) (1960,41072)
V-line (63932,65344) (64876,65662)
H-line (46563,77950) (46563,75914)
H-line (78254,46097) (78254,45667)
H-line (17702,98914) (17702,99812)
V-line (83776,35003) (81243,34947)
V-line (34663,18402) (32876,17790)
V-line (54075,53072) (53919,53072)
V-line (39106,73988) (40113,73988)
V-line (57956,56181) (55498,56181)
H-line (31651,21846) (31651,22833)
V-line (16734,80268) (17135,80431)
V-line (26219,22901) (24714,22901)
V-line (15594,89471) (14555,89471)
H-line (58896,88550) (58896,88064)
V-line (53907,94249) (55828,94249)
V-line (40271,63322) (41314,63322)
V-line (96774,97823) (98321,96772)
H-line (51892,82981) (51892,84091)
V-line (6787,88741) (6696,88741)
V-line (68653,72136) (71483,71153)
H-line (85165,71148) (85165,71476)
H-line (39858,44454) (39858,44578)
H-line (60026,10117) (60026,10806)
H-line (90959,94647) (90959,96370)
V-line (24659,5303) (25029,5303)
V-line (94937,59084) (93143,60395)
V-line (76847,45713) (78254,45713)
V-line (53754,23496) (51758,23496)
H-line (37354,23880) (37354,24381)
V-line (80125,95466) (81172,95466)
H-line (43166,37382) (43166,37529)
